[ 2018-07-09T07:10:22+08:00 ] 123.206.191.77 /admin/index/checked?num=1
INFO: [ app_init ] --START--
INFO: Run Behavior\BuildLiteBehavior [ RunTime:0.000019s ]
INFO: [ app_init ] --END-- [ RunTime:0.001524s ]
INFO: [ app_begin ] --START--
INFO: Run Behavior\ReadHtmlCacheBehavior [ RunTime:0.001705s ]
INFO: [ app_begin ] --END-- [ RunTime:0.001846s ]
SQL: SHOW COLUMNS FROM `checking` [ RunTime:0.0012s ]
SQL: UPDATE `checking` SET `is_checking`='0' WHERE ( id = '1' ) [ RunTime:0.0021s ]
SQL: SHOW COLUMNS FROM `task` [ RunTime:0.0008s ]
SQL: SELECT * FROM `task` WHERE ( task_id LIKE '%http://www.suichuan.gov.cn%' AND end_time is null ) LIMIT 1   [ RunTime:0.0006s ]
SQL: UPDATE `task` SET `end_time`='2018-07-09,07:10:22' WHERE ( id = '62' ) [ RunTime:0.0020s ]
ERR: 1050:Table 'link_title_count' already exists
 [ SQL语句 ] : 
        create table link_title_count (select url, title, count(*) as ct from links group by url, title);
        create table link_title_map (select url, title, ct from link_title_count where title <> '' group by url having ct = max(ct));
        update links, link_title_map
        set links.title = link_title_map.title
        where links.url = link_title_map.url;
        update links, link_title_map
        set links.ptitle = link_title_map.title
        where links.purl = link_title_map.url;
ERR: 1050:Table 'link_title_count' already exists
 [ SQL语句 ] : 
        create table link_title_count (select url, title, count(*) as ct from links group by url, title);
        create table link_title_map (select url, title, ct from link_title_count where title <> '' group by url having ct = max(ct));
        update links, link_title_map
        set links.title = link_title_map.title
        where links.url = link_title_map.url;
        update links, link_title_map
        set links.ptitle = link_title_map.title
        where links.purl = link_title_map.url;

[ 2018-07-09T07:56:38+08:00 ] 123.206.191.77 /admin/index/checked?num=2
INFO: [ app_init ] --START--
INFO: Run Behavior\BuildLiteBehavior [ RunTime:0.000024s ]
INFO: [ app_init ] --END-- [ RunTime:0.000765s ]
INFO: [ app_begin ] --START--
INFO: Run Behavior\ReadHtmlCacheBehavior [ RunTime:0.000715s ]
INFO: [ app_begin ] --END-- [ RunTime:0.000775s ]
SQL: SHOW COLUMNS FROM `checking` [ RunTime:0.0013s ]
SQL: UPDATE `checking` SET `is_checking`='0' WHERE ( id = '2' ) [ RunTime:0.0041s ]
SQL: SHOW COLUMNS FROM `task` [ RunTime:0.0011s ]
SQL: SELECT * FROM `task` WHERE ( task_id LIKE '%http://pub.jian.gov.cn/jxsc%' AND end_time is null ) LIMIT 1   [ RunTime:0.0004s ]
SQL: UPDATE `task` SET `end_time`='2018-07-09,07:56:38' WHERE ( id = '63' ) [ RunTime:0.0013s ]
ERR: 1050:Table 'link_title_count' already exists
 [ SQL语句 ] : 
        create table link_title_count (select url, title, count(*) as ct from links group by url, title);
        create table link_title_map (select url, title, ct from link_title_count where title <> '' group by url having ct = max(ct));
        update links, link_title_map
        set links.title = link_title_map.title
        where links.url = link_title_map.url;
        update links, link_title_map
        set links.ptitle = link_title_map.title
        where links.purl = link_title_map.url;
ERR: 1050:Table 'link_title_count' already exists
 [ SQL语句 ] : 
        create table link_title_count (select url, title, count(*) as ct from links group by url, title);
        create table link_title_map (select url, title, ct from link_title_count where title <> '' group by url having ct = max(ct));
        update links, link_title_map
        set links.title = link_title_map.title
        where links.url = link_title_map.url;
        update links, link_title_map
        set links.ptitle = link_title_map.title
        where links.purl = link_title_map.url;

