[ 2018-06-25T14:35:30+08:00 ] 123.206.191.77 //admin/index/login
INFO: [ app_init ] --START--
INFO: Run Behavior\BuildLiteBehavior [ RunTime:0.000016s ]
INFO: [ app_init ] --END-- [ RunTime:0.000618s ]
INFO: [ app_begin ] --START--
INFO: Run Behavior\ReadHtmlCacheBehavior [ RunTime:0.000568s ]
INFO: [ app_begin ] --END-- [ RunTime:0.000611s ]
SQL: SHOW COLUMNS FROM `member` [ RunTime:0.0015s ]
SQL: SELECT * FROM `member` WHERE ( name = 'admin' AND password = '4297f44b13955235245b2497399d7a93' ) LIMIT 1   [ RunTime:0.0087s ]
SQL: SHOW COLUMNS FROM `mem_to_dep` [ RunTime:0.0006s ]
SQL: SELECT * FROM `mem_to_dep` WHERE ( member_id = '1' ) LIMIT 1   [ RunTime:0.0002s ]

[ 2018-06-25T14:35:30+08:00 ] 123.206.191.77 //admin/column/listall
INFO: [ app_init ] --START--
INFO: Run Behavior\BuildLiteBehavior [ RunTime:0.000416s ]
INFO: [ app_init ] --END-- [ RunTime:0.001087s ]
INFO: [ app_begin ] --START--
INFO: Run Behavior\ReadHtmlCacheBehavior [ RunTime:0.000331s ]
INFO: [ app_begin ] --END-- [ RunTime:0.000385s ]
SQL: SHOW COLUMNS FROM `column` [ RunTime:0.0011s ]
SQL: SELECT * FROM `column` WHERE ( available = '1' AND site = '1' ) LIMIT 0,8   [ RunTime:0.0020s ]
SQL: SELECT * FROM `column` WHERE ( available = '1' AND site = '1' )  [ RunTime:0.0009s ]

[ 2018-06-25T14:36:09+08:00 ] 123.206.191.77 //admin/index/login
INFO: [ app_init ] --START--
INFO: Run Behavior\BuildLiteBehavior [ RunTime:0.000024s ]
INFO: [ app_init ] --END-- [ RunTime:0.000448s ]
INFO: [ app_begin ] --START--
INFO: Run Behavior\ReadHtmlCacheBehavior [ RunTime:0.000292s ]
INFO: [ app_begin ] --END-- [ RunTime:0.000331s ]
SQL: SHOW COLUMNS FROM `member` [ RunTime:0.0016s ]
SQL: SELECT * FROM `member` WHERE ( name = 'admin' AND password = '4297f44b13955235245b2497399d7a93' ) LIMIT 1   [ RunTime:0.0003s ]
SQL: SHOW COLUMNS FROM `mem_to_dep` [ RunTime:0.0006s ]
SQL: SELECT * FROM `mem_to_dep` WHERE ( member_id = '1' ) LIMIT 1   [ RunTime:0.0002s ]

[ 2018-06-25T14:36:09+08:00 ] 123.206.191.77 //admin/column/listall
INFO: [ app_init ] --START--
INFO: Run Behavior\BuildLiteBehavior [ RunTime:0.000026s ]
INFO: [ app_init ] --END-- [ RunTime:0.001034s ]
INFO: [ app_begin ] --START--
INFO: Run Behavior\ReadHtmlCacheBehavior [ RunTime:0.000344s ]
INFO: [ app_begin ] --END-- [ RunTime:0.000401s ]
SQL: SHOW COLUMNS FROM `column` [ RunTime:0.0093s ]
SQL: SELECT * FROM `column` WHERE ( available = '1' AND site = '1' ) LIMIT 0,8   [ RunTime:0.0006s ]
SQL: SELECT * FROM `column` WHERE ( available = '1' AND site = '1' )  [ RunTime:0.0016s ]

[ 2018-06-25T14:36:10+08:00 ] 123.206.191.77 //admin/check/listall
INFO: [ app_init ] --START--
INFO: Run Behavior\BuildLiteBehavior [ RunTime:0.000024s ]
INFO: [ app_init ] --END-- [ RunTime:0.000383s ]
INFO: [ app_begin ] --START--
INFO: Run Behavior\ReadHtmlCacheBehavior [ RunTime:0.000584s ]
INFO: [ app_begin ] --END-- [ RunTime:0.000646s ]
SQL: SHOW COLUMNS FROM `task` [ RunTime:0.0010s ]
SQL: SELECT * FROM `task` WHERE ( end_time != 'null' ) ORDER BY start_time desc LIMIT 0,8   [ RunTime:0.0085s ]
SQL: SELECT * FROM `task` WHERE ( end_time != 'null' )  [ RunTime:0.0003s ]

[ 2018-06-25T14:36:18+08:00 ] 123.206.191.77 //admin/index/exportData?task_id=http://www.suichuan.gov.cn-20180625070002
INFO: [ app_init ] --START--
INFO: Run Behavior\BuildLiteBehavior [ RunTime:0.000026s ]
INFO: [ app_init ] --END-- [ RunTime:0.001132s ]
INFO: [ app_begin ] --START--
INFO: Run Behavior\ReadHtmlCacheBehavior [ RunTime:0.000555s ]
INFO: [ app_begin ] --END-- [ RunTime:0.000611s ]
SQL: SHOW COLUMNS FROM `update_list` [ RunTime:0.0025s ]
SQL: DELETE FROM `update_list` WHERE ( 1 = 1 ) [ RunTime:0.0509s ]
SQL: SHOW COLUMNS FROM `department` [ RunTime:0.0007s ]
SQL: SELECT * FROM `department` WHERE ( site = '1' )  [ RunTime:0.0003s ]
SQL: SHOW COLUMNS FROM `dep_to_col` [ RunTime:0.0005s ]
SQL: SELECT * FROM `dep_to_col` WHERE ( department_id = 5 AND site = '1' )  [ RunTime:0.0004s ]
SQL: SHOW COLUMNS FROM `columns_updates` [ RunTime:0.0005s ]
SQL: SELECT * FROM `columns_updates` WHERE ( task_id = 'http://www.suichuan.gov.cn-20180625070002'  AND ptitle = '县情简介' )  [ RunTime:0.0607s ]
SQL: SHOW COLUMNS FROM `column` [ RunTime:0.0007s ]
SQL: SELECT * FROM `column` WHERE (  id = 1 AND site = '1' ) LIMIT 1   [ RunTime:0.0005s ]
SQL: INSERT INTO `update_list` (`check_date`,`department`,`column`,`url`,`recent_date`,`limit_date`,`limit_name`,`limit_num`,`next_date`,`is_time_out`) VALUES ('2018-06-25','县志办','县情简介','http://www.suichuan.gov.cn/mlsc/scgk/xqjj/index.shtml','2017-02-23','-2','每年2月份更新','1','2018-02-23','超时') [ RunTime:0.0018s ]
SQL: SELECT * FROM `columns_updates` WHERE ( task_id = 'http://www.suichuan.gov.cn-20180625070002'  AND ptitle = '行政区划' )  [ RunTime:0.0677s ]
SQL: SELECT * FROM `column` WHERE (  id = 2 AND site = '1' ) LIMIT 1   [ RunTime:0.0004s ]
SQL: INSERT INTO `update_list` (`check_date`,`department`,`column`,`url`,`recent_date`,`limit_date`,`limit_name`,`limit_num`,`next_date`,`is_time_out`) VALUES ('2018-06-25','县志办','行政区划','http://www.suichuan.gov.cn/mlsc/scgk/xzqh/index.shtml','2018-04-03','-2','每年2月份更新','1','2019-04-03',' ') [ RunTime:0.0011s ]
SQL: SELECT * FROM `columns_updates` WHERE ( task_id = 'http://www.suichuan.gov.cn-20180625070002'  AND ptitle = '自然资源' )  [ RunTime:0.0612s ]
SQL: SELECT * FROM `column` WHERE (  id = 13 AND site = '1' ) LIMIT 1   [ RunTime:0.0003s ]
SQL: INSERT INTO `update_list` (`check_date`,`department`,`column`,`url`,`recent_date`,`limit_date`,`limit_name`,`limit_num`,`next_date`,`is_time_out`) VALUES ('2018-06-25','县志办','自然资源','http://www.suichuan.gov.cn/mlsc/scgk/zrzy/index.shtml','2018-04-03','-2','每年2月份更新','1','2019-04-03',' ') [ RunTime:0.0012s ]
SQL: SELECT * FROM `columns_updates` WHERE ( task_id = 'http://www.suichuan.gov.cn-20180625070002'  AND ptitle = '地理气候' )  [ RunTime:0.0456s ]
SQL: SELECT * FROM `column` WHERE (  id = 14 AND site = '1' ) LIMIT 1   [ RunTime:0.0003s ]
SQL: INSERT INTO `update_list` (`check_date`,`department`,`column`,`url`,`recent_date`,`limit_date`,`limit_name`,`limit_num`,`next_date`,`is_time_out`) VALUES ('2018-06-25','县志办','地理气候','http://www.suichuan.gov.cn/mlsc/scgk/dlqh/index.shtml','2018-02-23','-2','每年2月份更新','1','2019-02-23',' ') [ RunTime:0.0023s ]
SQL: SELECT * FROM `columns_updates` WHERE ( task_id = 'http://www.suichuan.gov.cn-20180625070002'  AND ptitle = '历史名人' )  [ RunTime:0.0497s ]
SQL: SELECT * FROM `column` WHERE (  id = 16 AND site = '1' ) LIMIT 1   [ RunTime:0.0006s ]
SQL: INSERT INTO `update_list` (`check_date`,`department`,`column`,`url`,`recent_date`,`limit_date`,`limit_name`,`limit_num`,`next_date`,`is_time_out`) VALUES ('2018-06-25','县志办','历史名人','http://www.suichuan.gov.cn/mlsc/scgk/lsmr/index.shtml','2018-03-23','-2','每年2月份更新','1','2019-03-23',' ') [ RunTime:0.0096s ]
SQL: SELECT * FROM `columns_updates` WHERE ( task_id = 'http://www.suichuan.gov.cn-20180625070002'  AND ptitle = '名优特产' )  [ RunTime:0.0475s ]
SQL: SELECT * FROM `column` WHERE (  id = 17 AND site = '1' ) LIMIT 1   [ RunTime:0.0003s ]
SQL: INSERT INTO `update_list` (`check_date`,`department`,`column`,`url`,`recent_date`,`limit_date`,`limit_name`,`limit_num`,`next_date`,`is_time_out`) VALUES ('2018-06-25','县志办','名优特产','http://www.suichuan.gov.cn/mlsc/scgk/mytc/index.shtml','2018-04-18','-2','每年2月份更新','1','2019-04-18',' ') [ RunTime:0.0015s ]
SQL: SELECT * FROM `columns_updates` WHERE ( task_id = 'http://www.suichuan.gov.cn-20180625070002'  AND ptitle = '民俗风情' )  [ RunTime:0.0482s ]
SQL: SELECT * FROM `column` WHERE (  id = 18 AND site = '1' ) LIMIT 1   [ RunTime:0.0004s ]
SQL: INSERT INTO `update_list` (`check_date`,`department`,`column`,`url`,`recent_date`,`limit_date`,`limit_name`,`limit_num`,`next_date`,`is_time_out`) VALUES ('2018-06-25','县志办','民俗风情','http://www.suichuan.gov.cn/mlsc/msfq/index.shtml','2018-03-10','-2','每年2月份更新','1','2019-03-10',' ') [ RunTime:0.0010s ]
SQL: SELECT * FROM `columns_updates` WHERE ( task_id = 'http://www.suichuan.gov.cn-20180625070002'  AND ptitle = '客家文化' )  [ RunTime:0.0677s ]
SQL: SELECT * FROM `column` WHERE (  id = 19 AND site = '1' ) LIMIT 1   [ RunTime:0.0003s ]
SQL: INSERT INTO `update_list` (`check_date`,`department`,`column`,`url`,`recent_date`,`limit_date`,`limit_name`,`limit_num`,`next_date`,`is_time_out`) VALUES ('2018-06-25','县志办','客家文化','http://www.suichuan.gov.cn/mlsc/kjwh/index.shtml','2018-03-10','-2','每年2月份更新','1','2019-03-10',' ') [ RunTime:0.0011s ]
SQL: SELECT * FROM `columns_updates` WHERE ( task_id = 'http://www.suichuan.gov.cn-20180625070002'  AND ptitle = '城市名片' )  [ RunTime:0.0580s ]
SQL: SELECT * FROM `column` WHERE (  id = 21 AND site = '1' ) LIMIT 1   [ RunTime:0.0003s ]
SQL: INSERT INTO `update_list` (`check_date`,`department`,`column`,`url`,`recent_date`,`limit_date`,`limit_name`,`limit_num`,`next_date`,`is_time_out`) VALUES ('2018-06-25','县志办','城市名片','http://www.suichuan.gov.cn/mlsc/csmp/index.shtml','2018-02-23','-2','每年2月份更新','1','2019-02-23',' ') [ RunTime:0.0015s ]
SQL: SELECT * FROM `dep_to_col` WHERE ( department_id = 6 AND site = '1' )  [ RunTime:0.0015s ]
SQL: SELECT * FROM `columns_updates` WHERE ( task_id = 'http://www.suichuan.gov.cn-20180625070002'  AND ptitle = '经济发展' )  [ RunTime:0.0583s ]
SQL: SELECT * FROM `column` WHERE (  id = 15 AND site = '1' ) LIMIT 1   [ RunTime:0.0003s ]
SQL: INSERT INTO `update_list` (`check_date`,`department`,`column`,`url`,`recent_date`,`limit_date`,`limit_name`,`limit_num`,`next_date`,`is_time_out`) VALUES ('2018-06-25','县发改委','经济发展','http://www.suichuan.gov.cn/mlsc/scgk/jjfz/index.shtml','2018-02-28','-2','每年2月份更新','1','2019-02-28',' ') [ RunTime:0.0013s ]
SQL: SELECT * FROM `columns_updates` WHERE ( task_id = 'http://www.suichuan.gov.cn-20180625070002'  AND ptitle = '招标' )  [ RunTime:0.0491s ]
SQL: SELECT * FROM `column` WHERE (  id = 35 AND site = '1' ) LIMIT 1   [ RunTime:0.0003s ]
SQL: INSERT INTO `update_list` (`check_date`,`department`,`column`,`url`,`recent_date`,`limit_date`,`limit_name`,`limit_num`,`next_date`,`is_time_out`) VALUES ('2018-06-25','县发改委','招标','http://www.suichuan.gov.cn/xwzx/gggs/zb/index.shtml','2018-06-21','-1','适时更新','1','适时更新',' ') [ RunTime:0.0018s ]
SQL: SELECT * FROM `columns_updates` WHERE ( task_id = 'http://www.suichuan.gov.cn-20180625070002'  AND ptitle = '国民经济和社会发展规划' )  [ RunTime:0.0840s ]
SQL: SELECT * FROM `column` WHERE (  id = 45 AND site = '1' ) LIMIT 1   [ RunTime:0.0004s ]
SQL: INSERT INTO `update_list` (`check_date`,`department`,`column`,`url`,`recent_date`,`limit_date`,`limit_name`,`limit_num`,`next_date`,`is_time_out`) VALUES ('2018-06-25','县发改委','国民经济和社会发展规划','http://www.suichuan.gov.cn/xxgk/ghjh/gmjjhshfzgh/index.shtml','2018-02-28','365','每年更新','1','2019-02-28',' ') [ RunTime:0.0013s ]
SQL: SELECT * FROM `columns_updates` WHERE ( task_id = 'http://www.suichuan.gov.cn-20180625070002'  AND ptitle = '重大项目' )  [ RunTime:0.0561s ]
SQL: SELECT * FROM `column` WHERE (  id = 59 AND site = '1' ) LIMIT 1   [ RunTime:0.0003s ]
SQL: INSERT INTO `update_list` (`check_date`,`department`,`column`,`url`,`recent_date`,`limit_date`,`limit_name`,`limit_num`,`next_date`,`is_time_out`) VALUES ('2018-06-25','县发改委','重大项目','http://www.suichuan.gov.cn/xxgk/zdxm/index.shtml','2018-04-02','-3','每季度更新','1','2018-07-02',' ') [ RunTime:0.0012s ]
SQL: SELECT * FROM `dep_to_col` WHERE ( department_id = 7 AND site = '1' )  [ RunTime:0.0005s ]
SQL: SELECT * FROM `columns_updates` WHERE ( task_id = 'http://www.suichuan.gov.cn-20180625070002'  AND ptitle = '宣传视频' )  [ RunTime:0.0533s ]
SQL: SELECT * FROM `column` WHERE (  id = 22 AND site = '1' ) LIMIT 1   [ RunTime:0.0003s ]
SQL: INSERT INTO `update_list` (`check_date`,`department`,`column`,`url`,`recent_date`,`limit_date`,`limit_name`,`limit_num`,`next_date`,`is_time_out`) VALUES ('2018-06-25','县电视台、县旅游局','宣传视频','http://www.suichuan.gov.cn/mlsc/tssc/xcsp/index.shtml','2015-03-11','-2','每年2月份更新','1','2016-03-11','超时') [ RunTime:0.0017s ]
SQL: SELECT * FROM `dep_to_col` WHERE ( department_id = 8 AND site = '1' )  [ RunTime:0.0003s ]
SQL: SELECT * FROM `columns_updates` WHERE ( task_id = 'http://www.suichuan.gov.cn-20180625070002'  AND ptitle = '遂川风光' )  [ RunTime:0.0629s ]
SQL: SELECT * FROM `column` WHERE (  id = 23 AND site = '1' ) LIMIT 1   [ RunTime:0.0003s ]
SQL: INSERT INTO `update_list` (`check_date`,`department`,`column`,`url`,`recent_date`,`limit_date`,`limit_name`,`limit_num`,`next_date`,`is_time_out`) VALUES ('2018-06-25','县信息中心','遂川风光','http://www.suichuan.gov.cn/mlsc/tssc/scfg/index.shtml','2017-03-28','-2','每年2月份更新','1','2018-03-28','超时') [ RunTime:0.0096s ]
SQL: SELECT * FROM `columns_updates` WHERE ( task_id = 'http://www.suichuan.gov.cn-20180625070002'  AND ptitle = '媒体聚焦' )  [ RunTime:0.0616s ]
SQL: SELECT * FROM `column` WHERE (  id = 28 AND site = '1' ) LIMIT 1   [ RunTime:0.0004s ]
SQL: INSERT INTO `update_list` (`check_date`,`department`,`column`,`url`,`recent_date`,`limit_date`,`limit_name`,`limit_num`,`next_date`,`is_time_out`) VALUES ('2018-06-25','县信息中心','媒体聚焦','http://www.suichuan.gov.cn/xwzx/ztxw/jdqycbyhfzhjzxxd/mtjj/index.shtml','2017-08-31','30','每月更新','1','2017-09-30','超时') [ RunTime:0.0012s ]
SQL: SELECT * FROM `columns_updates` WHERE ( task_id = 'http://www.suichuan.gov.cn-20180625070002'  AND ptitle = '电子地图' )  [ RunTime:0.0517s ]
SQL: SELECT * FROM `column` WHERE (  id = 24 AND site = '1' ) LIMIT 1   [ RunTime:0.0003s ]
SQL: INSERT INTO `update_list` (`check_date`,`department`,`column`,`url`,`recent_date`,`limit_date`,`limit_name`,`limit_num`,`next_date`,`is_time_out`) VALUES ('2018-06-25','县信息中心','电子地图','http://www.suichuan.gov.cn/mlsc/tssc/dzdt/index.shtml','2015-03-11','-4','链接失效更新','1','链接失效时更新',' ') [ RunTime:0.0014s ]
SQL: SELECT * FROM `columns_updates` WHERE ( task_id = 'http://www.suichuan.gov.cn-20180625070002'  AND ptitle = '今日遂川报' )  [ RunTime:0.0738s ]
SQL: SELECT * FROM `column` WHERE (  id = 31 AND site = '1' ) LIMIT 1   [ RunTime:0.0005s ]
SQL: INSERT INTO `update_list` (`check_date`,`department`,`column`,`url`,`recent_date`,`limit_date`,`limit_name`,`limit_num`,`next_date`,`is_time_out`) VALUES ('','县信息中心','今日遂川报','','','-4','链接失效更新','1','链接失效时更新',' ') [ RunTime:0.0012s ]
SQL: SELECT * FROM `dep_to_col` WHERE ( department_id = 9 AND site = '1' )  [ RunTime:0.0004s ]
SQL: SELECT * FROM `columns_updates` WHERE ( task_id = 'http://www.suichuan.gov.cn-20180625070002'  AND ptitle = '今日遂川' )  [ RunTime:0.0482s ]
SQL: SELECT * FROM `column` WHERE (  id = 25 AND site = '1' ) LIMIT 1   [ RunTime:0.0004s ]
SQL: INSERT INTO `update_list` (`check_date`,`department`,`column`,`url`,`recent_date`,`limit_date`,`limit_name`,`limit_num`,`next_date`,`is_time_out`) VALUES ('2018-06-25','今日遂川报、县电视台、其他媒体','今日遂川','http://www.suichuan.gov.cn/xwzx/jrsc/index.shtml','2018-06-22','1','每天更新','1','2018-06-23','超时') [ RunTime:0.0017s ]
SQL: SELECT * FROM `dep_to_col` WHERE ( department_id = 11 AND site = '1' )  [ RunTime:0.0004s ]
SQL: SELECT * FROM `columns_updates` WHERE ( task_id = 'http://www.suichuan.gov.cn-20180625070002'  AND ptitle = '部门动态' )  [ RunTime:0.0921s ]
SQL: SELECT * FROM `column` WHERE (  id = 26 AND site = '1' ) LIMIT 1   [ RunTime:0.0005s ]
SQL: INSERT INTO `update_list` (`check_date`,`department`,`column`,`url`,`recent_date`,`limit_date`,`limit_name`,`limit_num`,`next_date`,`is_time_out`) VALUES ('2018-06-25','各县直部门','部门动态','http://www.suichuan.gov.cn/xwzx/bmdt/index.shtml','2018-06-21','1','每天更新','1','2018-06-22','超时') [ RunTime:0.0020s ]
SQL: SELECT * FROM `dep_to_col` WHERE ( department_id = 12 AND site = '1' )  [ RunTime:0.0005s ]
SQL: SELECT * FROM `columns_updates` WHERE ( task_id = 'http://www.suichuan.gov.cn-20180625070002'  AND ptitle = '乡镇快讯' )  [ RunTime:0.0491s ]
SQL: SELECT * FROM `column` WHERE (  id = 27 AND site = '1' ) LIMIT 1   [ RunTime:0.0004s ]
SQL: INSERT INTO `update_list` (`check_date`,`department`,`column`,`url`,`recent_date`,`limit_date`,`limit_name`,`limit_num`,`next_date`,`is_time_out`) VALUES ('2018-06-25','各乡镇政府','乡镇快讯','http://www.suichuan.gov.cn/xwzx/xzkx/index.shtml','2018-06-22','1','每天更新','1','2018-06-23','超时') [ RunTime:0.0031s ]
SQL: SELECT * FROM `dep_to_col` WHERE ( department_id = 13 AND site = '1' )  [ RunTime:0.0005s ]
SQL: SELECT * FROM `columns_updates` WHERE ( task_id = 'http://www.suichuan.gov.cn-20180625070002'  AND ptitle = '发展论坛' )  [ RunTime:0.0637s ]
SQL: SELECT * FROM `column` WHERE (  id = 29 AND site = '1' ) LIMIT 1   [ RunTime:0.0004s ]
SQL: INSERT INTO `update_list` (`check_date`,`department`,`column`,`url`,`recent_date`,`limit_date`,`limit_name`,`limit_num`,`next_date`,`is_time_out`) VALUES ('2018-06-25','县各有关单位','发展论坛','http://www.suichuan.gov.cn/xwzx/fzlt/index.shtml','2018-05-30','30','每月更新','1','2018-06-29',' ') [ RunTime:0.0010s ]
SQL: SELECT * FROM `dep_to_col` WHERE ( department_id = 14 AND site = '1' )  [ RunTime:0.0003s ]
SQL: SELECT * FROM `columns_updates` WHERE ( task_id = 'http://www.suichuan.gov.cn-20180625070002'  AND ptitle = '视频新闻' )  [ RunTime:0.0508s ]
SQL: SELECT * FROM `column` WHERE (  id = 30 AND site = '1' ) LIMIT 1   [ RunTime:0.0003s ]
SQL: INSERT INTO `update_list` (`check_date`,`department`,`column`,`url`,`recent_date`,`limit_date`,`limit_name`,`limit_num`,`next_date`,`is_time_out`) VALUES ('2018-06-25','县电视台','视频新闻','http://www.suichuan.gov.cn/xwzx/spxw/index.shtml','2018-06-24','-1','适时更新','1','适时更新',' ') [ RunTime:0.0010s ]
SQL: SELECT * FROM `dep_to_col` WHERE ( department_id = 15 AND site = '1' )  [ RunTime:0.0003s ]
SQL: SELECT * FROM `columns_updates` WHERE ( task_id = 'http://www.suichuan.gov.cn-20180625070002'  AND ptitle = '领导讲话' )  [ RunTime:0.0607s ]
SQL: SELECT * FROM `column` WHERE (  id = 32 AND site = '1' ) LIMIT 1   [ RunTime:0.0003s ]
SQL: INSERT INTO `update_list` (`check_date`,`department`,`column`,`url`,`recent_date`,`limit_date`,`limit_name`,`limit_num`,`next_date`,`is_time_out`) VALUES ('2018-06-25','县政府办','领导讲话','http://www.suichuan.gov.cn/xwzx/ztxw/qzlxwzt/ldjh/index.shtml','2015-03-11','30','适时更新','1','2015-04-10','超时') [ RunTime:0.0012s ]
SQL: SELECT * FROM `columns_updates` WHERE ( task_id = 'http://www.suichuan.gov.cn-20180625070002'  AND ptitle = '政策解读' )  [ RunTime:0.0592s ]
SQL: SELECT * FROM `column` WHERE (  id = 42 AND site = '1' ) LIMIT 1   [ RunTime:0.0004s ]
SQL: INSERT INTO `update_list` (`check_date`,`department`,`column`,`url`,`recent_date`,`limit_date`,`limit_name`,`limit_num`,`next_date`,`is_time_out`) VALUES ('2018-06-25','县政府办','政策解读','http://www.suichuan.gov.cn/xxgk/zcfg/zcjd/index.shtml','2018-04-02','30','每月更新','1','2018-05-02','超时') [ RunTime:0.0010s ]
SQL: SELECT * FROM `columns_updates` WHERE ( task_id = 'http://www.suichuan.gov.cn-20180625070002'  AND ptitle = '县规范性文件' )  [ RunTime:0.0534s ]
SQL: SELECT * FROM `column` WHERE (  id = 43 AND site = '1' ) LIMIT 1   [ RunTime:0.0004s ]
SQL: INSERT INTO `update_list` (`check_date`,`department`,`column`,`url`,`recent_date`,`limit_date`,`limit_name`,`limit_num`,`next_date`,`is_time_out`) VALUES ('2018-06-25','县政府办','县规范性文件','http://www.suichuan.gov.cn/xxgk/zcfg/xgfxwj/index.shtml','2018-06-20','30','每月更新','1','2018-07-20',' ') [ RunTime:0.0014s ]
SQL: SELECT * FROM `columns_updates` WHERE ( task_id = 'http://www.suichuan.gov.cn-20180625070002'  AND ptitle = '政府工作报告' )  [ RunTime:0.0553s ]
SQL: SELECT * FROM `column` WHERE (  id = 46 AND site = '1' ) LIMIT 1   [ RunTime:0.0003s ]
SQL: INSERT INTO `update_list` (`check_date`,`department`,`column`,`url`,`recent_date`,`limit_date`,`limit_name`,`limit_num`,`next_date`,`is_time_out`) VALUES ('2018-06-25','县政府办','政府工作报告','http://www.suichuan.gov.cn/xxgk/ghjh/zxqygh/index.shtml','2018-03-18','365','每年更新','1','2019-03-18',' ') [ RunTime:0.0046s ]
SQL: SELECT * FROM `columns_updates` WHERE ( task_id = 'http://www.suichuan.gov.cn-20180625070002'  AND ptitle = '应急知识' )  [ RunTime:0.0595s ]
SQL: SELECT * FROM `column` WHERE (  id = 55 AND site = '1' ) LIMIT 1   [ RunTime:0.0003s ]
SQL: INSERT INTO `update_list` (`check_date`,`department`,`column`,`url`,`recent_date`,`limit_date`,`limit_name`,`limit_num`,`next_date`,`is_time_out`) VALUES ('2018-06-25','县政府办','应急知识','http://www.suichuan.gov.cn/xxgk/yjgl/yjzs/index.shtml','2018-04-11','180','半年更新','1','2018-10-08',' ') [ RunTime:0.0012s ]
SQL: SELECT * FROM `columns_updates` WHERE ( task_id = 'http://www.suichuan.gov.cn-20180625070002'  AND ptitle = '应急预案' )  [ RunTime:0.0500s ]
SQL: SELECT * FROM `column` WHERE (  id = 56 AND site = '1' ) LIMIT 1   [ RunTime:0.0003s ]
SQL: INSERT INTO `update_list` (`check_date`,`department`,`column`,`url`,`recent_date`,`limit_date`,`limit_name`,`limit_num`,`next_date`,`is_time_out`) VALUES ('2018-06-25','县政府办','应急预案','http://www.suichuan.gov.cn/xxgk/yjgl/yjya/index.shtml','2018-04-11','180','半年更新','1','2018-10-08',' ') [ RunTime:0.0014s ]
SQL: SELECT * FROM `columns_updates` WHERE ( task_id = 'http://www.suichuan.gov.cn-20180625070002'  AND ptitle = '组织管理' )  [ RunTime:0.0538s ]
SQL: SELECT * FROM `column` WHERE (  id = 57 AND site = '1' ) LIMIT 1   [ RunTime:0.0003s ]
SQL: INSERT INTO `update_list` (`check_date`,`department`,`column`,`url`,`recent_date`,`limit_date`,`limit_name`,`limit_num`,`next_date`,`is_time_out`) VALUES ('2018-06-25','县政府办','组织管理','http://www.suichuan.gov.cn/xxgk/yjgl/zzgl/index.shtml','2018-06-07','180','半年更新','1','2018-12-04',' ') [ RunTime:0.0040s ]
SQL: SELECT * FROM `columns_updates` WHERE ( task_id = 'http://www.suichuan.gov.cn-20180625070002'  AND ptitle = '人事表彰及任前公示' )  [ RunTime:0.0671s ]
SQL: SELECT * FROM `column` WHERE (  id = 62 AND site = '1' ) LIMIT 1   [ RunTime:0.0004s ]
SQL: INSERT INTO `update_list` (`check_date`,`department`,`column`,`url`,`recent_date`,`limit_date`,`limit_name`,`limit_num`,`next_date`,`is_time_out`) VALUES ('2018-06-25','县政府办','人事表彰及任前公示','http://www.suichuan.gov.cn/xxgk/rsxx/rsbzjrqgs/index.shtml','2018-06-08','-1','适时更新','1','适时更新',' ') [ RunTime:0.0012s ]
SQL: SELECT * FROM `dep_to_col` WHERE ( department_id = 16 AND site = '1' )  [ RunTime:0.0003s ]
SQL: SELECT * FROM `columns_updates` WHERE ( task_id = 'http://www.suichuan.gov.cn-20180625070002'  AND ptitle = '综合' )  [ RunTime:0.0504s ]
SQL: SELECT * FROM `column` WHERE (  id = 33 AND site = '1' ) LIMIT 1   [ RunTime:0.0003s ]
SQL: INSERT INTO `update_list` (`check_date`,`department`,`column`,`url`,`recent_date`,`limit_date`,`limit_name`,`limit_num`,`next_date`,`is_time_out`) VALUES ('2018-06-25','县政府办、各有关单位','综合','http://www.suichuan.gov.cn/xwzx/gggs/zh/index.shtml','2018-06-19','-1','适时更新','1','适时更新',' ') [ RunTime:0.0013s ]
SQL: SELECT * FROM `dep_to_col` WHERE ( department_id = 17 AND site = '1' )  [ RunTime:0.0003s ]
SQL: SELECT * FROM `columns_updates` WHERE ( task_id = 'http://www.suichuan.gov.cn-20180625070002'  AND ptitle = '生活' )  [ RunTime:0.0501s ]
SQL: SELECT * FROM `column` WHERE (  id = 34 AND site = '1' ) LIMIT 1   [ RunTime:0.0003s ]
SQL: INSERT INTO `update_list` (`check_date`,`department`,`column`,`url`,`recent_date`,`limit_date`,`limit_name`,`limit_num`,`next_date`,`is_time_out`) VALUES ('2018-06-25','县自来水公司、县供电公司','生活','http://www.suichuan.gov.cn/xwzx/gggs/sh/index.shtml','2018-06-08','-1','适时更新','1','适时更新',' ') [ RunTime:0.0009s ]
SQL: SELECT * FROM `dep_to_col` WHERE ( department_id = 18 AND site = '1' )  [ RunTime:0.0003s ]
SQL: SELECT * FROM `columns_updates` WHERE ( task_id = 'http://www.suichuan.gov.cn-20180625070002'  AND ptitle = '招聘' )  [ RunTime:0.0485s ]
SQL: SELECT * FROM `column` WHERE (  id = 36 AND site = '1' ) LIMIT 1   [ RunTime:0.0003s ]
SQL: INSERT INTO `update_list` (`check_date`,`department`,`column`,`url`,`recent_date`,`limit_date`,`limit_name`,`limit_num`,`next_date`,`is_time_out`) VALUES ('2018-06-25','县人保局、各招考招聘单位','招聘','http://www.suichuan.gov.cn/xwzx/gggs/zp/index.shtml','2018-06-21','-1','适时更新','1','适时更新',' ') [ RunTime:0.0011s ]
SQL: SELECT * FROM `dep_to_col` WHERE ( department_id = 19 AND site = '1' )  [ RunTime:0.0004s ]
SQL: SELECT * FROM `columns_updates` WHERE ( task_id = 'http://www.suichuan.gov.cn-20180625070002'  AND ptitle = '年度总结计划' )  [ RunTime:0.0478s ]
SQL: SELECT * FROM `column` WHERE (  id = 47 AND site = '1' ) LIMIT 1   [ RunTime:0.0003s ]
SQL: INSERT INTO `update_list` (`check_date`,`department`,`column`,`url`,`recent_date`,`limit_date`,`limit_name`,`limit_num`,`next_date`,`is_time_out`) VALUES ('2018-06-25','县直有关部门','年度总结计划','http://www.suichuan.gov.cn/xxgk/ghjh/ndzjjh/index.shtml','2018-03-10','365','每年更新','1','2019-03-10',' ') [ RunTime:0.0054s ]
SQL: SELECT * FROM `dep_to_col` WHERE ( department_id = 20 AND site = '1' )  [ RunTime:0.0004s ]
SQL: SELECT * FROM `columns_updates` WHERE ( task_id = 'http://www.suichuan.gov.cn-20180625070002'  AND ptitle = '统计公报' )  [ RunTime:0.0684s ]
SQL: SELECT * FROM `column` WHERE (  id = 49 AND site = '1' ) LIMIT 1   [ RunTime:0.0003s ]
SQL: INSERT INTO `update_list` (`check_date`,`department`,`column`,`url`,`recent_date`,`limit_date`,`limit_name`,`limit_num`,`next_date`,`is_time_out`) VALUES ('2018-06-25','县统计局','统计公报','http://www.suichuan.gov.cn/xxgk/tjxx/tjgb/index.shtml','2018-06-11','30','每月更新','1','2018-07-11',' ') [ RunTime:0.0014s ]
SQL: SELECT * FROM `columns_updates` WHERE ( task_id = 'http://www.suichuan.gov.cn-20180625070002'  AND ptitle = '统计数据' )  [ RunTime:0.0737s ]
SQL: SELECT * FROM `column` WHERE (  id = 50 AND site = '1' ) LIMIT 1   [ RunTime:0.0007s ]
SQL: INSERT INTO `update_list` (`check_date`,`department`,`column`,`url`,`recent_date`,`limit_date`,`limit_name`,`limit_num`,`next_date`,`is_time_out`) VALUES ('2018-06-25','县统计局','统计数据','http://www.suichuan.gov.cn/xxgk/tjxx/tjsj/index.shtml','2018-05-14','30','每月更新','1','2018-06-13','超时') [ RunTime:0.0016s ]
SQL: SELECT * FROM `dep_to_col` WHERE ( department_id = 21 AND site = '1' )  [ RunTime:0.0005s ]
SQL: SELECT * FROM `columns_updates` WHERE ( task_id = 'http://www.suichuan.gov.cn-20180625070002'  AND ptitle = '财政预决算' )  [ RunTime:0.0682s ]
SQL: SELECT * FROM `column` WHERE (  id = 51 AND site = '1' ) LIMIT 1   [ RunTime:0.0006s ]
SQL: INSERT INTO `update_list` (`check_date`,`department`,`column`,`url`,`recent_date`,`limit_date`,`limit_name`,`limit_num`,`next_date`,`is_time_out`) VALUES ('2018-06-25','县财政局','财政预决算','http://www.suichuan.gov.cn/xxgk/czxx/czyjs/index.shtml','2018-02-10','365','每年更新','1','2019-02-10',' ') [ RunTime:0.0025s ]
SQL: SELECT * FROM `columns_updates` WHERE ( task_id = 'http://www.suichuan.gov.cn-20180625070002'  AND ptitle = '部门预决算和三公经费' )  [ RunTime:0.0682s ]
SQL: SELECT * FROM `column` WHERE (  id = 52 AND site = '1' ) LIMIT 1   [ RunTime:0.0005s ]
SQL: INSERT INTO `update_list` (`check_date`,`department`,`column`,`url`,`recent_date`,`limit_date`,`limit_name`,`limit_num`,`next_date`,`is_time_out`) VALUES ('2018-06-25','县财政局','部门预决算和三公经费','http://www.suichuan.gov.cn/xxgk/czxx/bmyjshsgjf/index.shtml','2018-02-25','365','每年更新','1','2019-02-25',' ') [ RunTime:0.0015s ]
SQL: SELECT * FROM `columns_updates` WHERE ( task_id = 'http://www.suichuan.gov.cn-20180625070002'  AND ptitle = '政府集中采购目录' )  [ RunTime:0.0681s ]
SQL: SELECT * FROM `column` WHERE (  id = 117 AND site = '1' ) LIMIT 1   [ RunTime:0.0004s ]
SQL: INSERT INTO `update_list` (`check_date`,`department`,`column`,`url`,`recent_date`,`limit_date`,`limit_name`,`limit_num`,`next_date`,`is_time_out`) VALUES ('2018-06-25','县财政局','政府集中采购目录','http://www.suichuan.gov.cn/xxgk/zfcg/zfjzcgml/index.shtml','2018-04-12','-1','适时更新','1','适时更新',' ') [ RunTime:0.0022s ]
SQL: SELECT * FROM `columns_updates` WHERE ( task_id = 'http://www.suichuan.gov.cn-20180625070002'  AND ptitle = '招标公告' )  [ RunTime:0.0631s ]
SQL: SELECT * FROM `column` WHERE (  id = 118 AND site = '1' ) LIMIT 1   [ RunTime:0.0003s ]
SQL: INSERT INTO `update_list` (`check_date`,`department`,`column`,`url`,`recent_date`,`limit_date`,`limit_name`,`limit_num`,`next_date`,`is_time_out`) VALUES ('2018-06-25','县财政局','招标公告','http://www.suichuan.gov.cn/xxgk/zfcg/zbgg/index.shtml','2018-06-21','-1','适时更新','1','适时更新',' ') [ RunTime:0.0013s ]
SQL: SELECT * FROM `columns_updates` WHERE ( task_id = 'http://www.suichuan.gov.cn-20180625070002'  AND ptitle = '中标公告' )  [ RunTime:0.0642s ]
SQL: SELECT * FROM `column` WHERE (  id = 119 AND site = '1' ) LIMIT 1   [ RunTime:0.0004s ]
SQL: INSERT INTO `update_list` (`check_date`,`department`,`column`,`url`,`recent_date`,`limit_date`,`limit_name`,`limit_num`,`next_date`,`is_time_out`) VALUES ('2018-06-25','县财政局','中标公告','http://www.suichuan.gov.cn/xxgk/zfcg/zbgg_1/index.shtml','2018-06-19','-1','适时更新','1','适时更新',' ') [ RunTime:0.0016s ]
SQL: SELECT * FROM `dep_to_col` WHERE ( department_id = 22 AND site = '1' )  [ RunTime:0.0003s ]
SQL: SELECT * FROM `columns_updates` WHERE ( task_id = 'http://www.suichuan.gov.cn-20180625070002'  AND ptitle = '行政事业性收费' )  [ RunTime:0.0658s ]
SQL: SELECT * FROM `column` WHERE (  id = 53 AND site = '1' ) LIMIT 1   [ RunTime:0.0003s ]
SQL: INSERT INTO `update_list` (`check_date`,`department`,`column`,`url`,`recent_date`,`limit_date`,`limit_name`,`limit_num`,`next_date`,`is_time_out`) VALUES ('2018-06-25','县物价局','行政事业性收费','http://www.suichuan.gov.cn/xxgk/czxx/xzsyxsf/index.shtml','2016-11-14','30','每月更新','1','2016-12-14','超时') [ RunTime:0.0015s ]
SQL: SELECT * FROM `dep_to_col` WHERE ( department_id = 23 AND site = '1' )  [ RunTime:0.0003s ]
SQL: SELECT * FROM `columns_updates` WHERE ( task_id = 'http://www.suichuan.gov.cn-20180625070002'  AND ptitle = '土地出让' )  [ RunTime:0.0689s ]
SQL: SELECT * FROM `column` WHERE (  id = 58 AND site = '1' ) LIMIT 1   [ RunTime:0.0003s ]
SQL: INSERT INTO `update_list` (`check_date`,`department`,`column`,`url`,`recent_date`,`limit_date`,`limit_name`,`limit_num`,`next_date`,`is_time_out`) VALUES ('2018-06-25','县国土局','土地出让','http://www.suichuan.gov.cn/xxgk/tdcr/index.shtml','2018-06-21','-1','适时更新','1','适时更新',' ') [ RunTime:0.0012s ]
SQL: SELECT * FROM `dep_to_col` WHERE ( department_id = 24 AND site = '1' )  [ RunTime:0.0004s ]
SQL: SELECT * FROM `columns_updates` WHERE ( task_id = 'http://www.suichuan.gov.cn-20180625070002'  AND ptitle = '人事任免' )  [ RunTime:0.0673s ]
SQL: SELECT * FROM `column` WHERE (  id = 60 AND site = '1' ) LIMIT 1   [ RunTime:0.0003s ]
SQL: INSERT INTO `update_list` (`check_date`,`department`,`column`,`url`,`recent_date`,`limit_date`,`limit_name`,`limit_num`,`next_date`,`is_time_out`) VALUES ('2018-06-25','各人事任免部门','人事任免','http://www.suichuan.gov.cn/xxgk/rsxx/rsrm/index.shtml','2018-05-24','-1','适时更新','1','适时更新',' ') [ RunTime:0.0012s ]
SQL: SELECT * FROM `dep_to_col` WHERE ( department_id = 25 AND site = '1' )  [ RunTime:0.0003s ]
SQL: SELECT * FROM `columns_updates` WHERE ( task_id = 'http://www.suichuan.gov.cn-20180625070002'  AND ptitle = '招聘考录' )  [ RunTime:0.0450s ]
SQL: SELECT * FROM `column` WHERE (  id = 61 AND site = '1' ) LIMIT 1   [ RunTime:0.0003s ]
SQL: INSERT INTO `update_list` (`check_date`,`department`,`column`,`url`,`recent_date`,`limit_date`,`limit_name`,`limit_num`,`next_date`,`is_time_out`) VALUES ('2018-06-25','各招聘招考单位','招聘考录','http://www.suichuan.gov.cn/xxgk/rsxx/zpkl/index.shtml','2018-03-26','-1','适时更新','1','适时更新',' ') [ RunTime:0.0085s ]
SQL: SELECT * FROM `dep_to_col` WHERE ( department_id = 26 AND site = '1' )  [ RunTime:0.0004s ]
SQL: SELECT * FROM `columns_updates` WHERE ( task_id = 'http://www.suichuan.gov.cn-20180625070002'  AND ptitle = '扶贫开发' )  [ RunTime:0.0484s ]
SQL: SELECT * FROM `column` WHERE (  id = 63 AND site = '1' ) LIMIT 1   [ RunTime:0.0003s ]
SQL: INSERT INTO `update_list` (`check_date`,`department`,`column`,`url`,`recent_date`,`limit_date`,`limit_name`,`limit_num`,`next_date`,`is_time_out`) VALUES ('2018-06-25','县移民扶贫办','扶贫开发','http://www.suichuan.gov.cn/xxgk/shgl/fpkf/index.shtml','2018-04-28','30','每月更新
','1','2018-05-28','超时') [ RunTime:0.0013s ]
SQL: SELECT * FROM `dep_to_col` WHERE ( department_id = 27 AND site = '1' )  [ RunTime:0.0004s ]
SQL: SELECT * FROM `columns_updates` WHERE ( task_id = 'http://www.suichuan.gov.cn-20180625070002'  AND ptitle = '文化教育' )  [ RunTime:0.0535s ]
SQL: SELECT * FROM `column` WHERE (  id = 64 AND site = '1' ) LIMIT 1   [ RunTime:0.0003s ]
SQL: INSERT INTO `update_list` (`check_date`,`department`,`column`,`url`,`recent_date`,`limit_date`,`limit_name`,`limit_num`,`next_date`,`is_time_out`) VALUES ('2018-06-25','县教体局','文化教育','http://www.suichuan.gov.cn/xxgk/shgl/whjy/index.shtml','2018-05-31','30','每月更新','1','2018-06-30',' ') [ RunTime:0.0014s ]
SQL: SELECT * FROM `dep_to_col` WHERE ( department_id = 28 AND site = '1' )  [ RunTime:0.0003s ]
SQL: SELECT * FROM `columns_updates` WHERE ( task_id = 'http://www.suichuan.gov.cn-20180625070002'  AND ptitle = '医疗卫生' )  [ RunTime:0.0444s ]
SQL: SELECT * FROM `column` WHERE (  id = 65 AND site = '1' ) LIMIT 1   [ RunTime:0.0003s ]
SQL: INSERT INTO `update_list` (`check_date`,`department`,`column`,`url`,`recent_date`,`limit_date`,`limit_name`,`limit_num`,`next_date`,`is_time_out`) VALUES ('2018-06-25','县卫计委','医疗卫生','http://www.suichuan.gov.cn/xxgk/shgl/ylws/index.shtml','2018-03-23','30','每月更新','1','2018-04-22','超时') [ RunTime:0.0012s ]
SQL: SELECT * FROM `dep_to_col` WHERE ( department_id = 29 AND site = '1' )  [ RunTime:0.0003s ]
SQL: SELECT * FROM `columns_updates` WHERE ( task_id = 'http://www.suichuan.gov.cn-20180625070002'  AND ptitle = '社会保障' )  [ RunTime:0.0671s ]
SQL: SELECT * FROM `column` WHERE (  id = 66 AND site = '1' ) LIMIT 1   [ RunTime:0.0005s ]
SQL: INSERT INTO `update_list` (`check_date`,`department`,`column`,`url`,`recent_date`,`limit_date`,`limit_name`,`limit_num`,`next_date`,`is_time_out`) VALUES ('2018-06-25','县人保局','社会保障','http://www.suichuan.gov.cn/xxgk/shgl/shbz/index.shtml','2018-04-04','30','每月更新','1','2018-05-04','超时') [ RunTime:0.0011s ]
SQL: SELECT * FROM `columns_updates` WHERE ( task_id = 'http://www.suichuan.gov.cn-20180625070002'  AND ptitle = '劳动就业' )  [ RunTime:0.0696s ]
SQL: SELECT * FROM `column` WHERE (  id = 67 AND site = '1' ) LIMIT 1   [ RunTime:0.0004s ]
SQL: INSERT INTO `update_list` (`check_date`,`department`,`column`,`url`,`recent_date`,`limit_date`,`limit_name`,`limit_num`,`next_date`,`is_time_out`) VALUES ('2018-06-25','县人保局','劳动就业','http://www.suichuan.gov.cn/xxgk/shgl/ldjy/index.shtml','2018-06-12','30','每月更新','1','2018-07-12',' ') [ RunTime:0.0020s ]
SQL: SELECT * FROM `dep_to_col` WHERE ( department_id = 30 AND site = '1' )  [ RunTime:0.0008s ]
SQL: SELECT * FROM `columns_updates` WHERE ( task_id = 'http://www.suichuan.gov.cn-20180625070002'  AND ptitle = '环境保护' )  [ RunTime:0.0545s ]
SQL: SELECT * FROM `column` WHERE (  id = 68 AND site = '1' ) LIMIT 1   [ RunTime:0.0004s ]
SQL: INSERT INTO `update_list` (`check_date`,`department`,`column`,`url`,`recent_date`,`limit_date`,`limit_name`,`limit_num`,`next_date`,`is_time_out`) VALUES ('2018-06-25','县环保局','环境保护','http://www.suichuan.gov.cn/xxgk/shgl/hjbh/index.shtml','2018-04-12','30','每月更新','1','2018-05-12','超时') [ RunTime:0.0017s ]
SQL: SELECT * FROM `dep_to_col` WHERE ( department_id = 31 AND site = '1' )  [ RunTime:0.0007s ]
SQL: SELECT * FROM `columns_updates` WHERE ( task_id = 'http://www.suichuan.gov.cn-20180625070002'  AND ptitle = '安全生产' )  [ RunTime:0.0503s ]
SQL: SELECT * FROM `column` WHERE (  id = 69 AND site = '1' ) LIMIT 1   [ RunTime:0.0004s ]
SQL: INSERT INTO `update_list` (`check_date`,`department`,`column`,`url`,`recent_date`,`limit_date`,`limit_name`,`limit_num`,`next_date`,`is_time_out`) VALUES ('2018-06-25','县安监局','安全生产','http://www.suichuan.gov.cn/xxgk/shgl/aqsc/index.shtml','2018-06-22','30','每月更新','1','2018-07-22',' ') [ RunTime:0.0017s ]
SQL: SELECT * FROM `dep_to_col` WHERE ( department_id = 32 AND site = '1' )  [ RunTime:0.0005s ]
SQL: SELECT * FROM `columns_updates` WHERE ( task_id = 'http://www.suichuan.gov.cn-20180625070002'  AND ptitle = '食品药品' )  [ RunTime:0.0489s ]
SQL: SELECT * FROM `column` WHERE (  id = 70 AND site = '1' ) LIMIT 1   [ RunTime:0.0003s ]
SQL: INSERT INTO `update_list` (`check_date`,`department`,`column`,`url`,`recent_date`,`limit_date`,`limit_name`,`limit_num`,`next_date`,`is_time_out`) VALUES ('2018-06-25','县市监局','食品药品','http://www.suichuan.gov.cn/xxgk/shgl/spyp/index.shtml','2018-06-19','30','每月更新','1','2018-07-19',' ') [ RunTime:0.0012s ]
SQL: SELECT * FROM `columns_updates` WHERE ( task_id = 'http://www.suichuan.gov.cn-20180625070002'  AND ptitle = '产品质量' )  [ RunTime:0.0552s ]
SQL: SELECT * FROM `column` WHERE (  id = 71 AND site = '1' ) LIMIT 1   [ RunTime:0.0003s ]
SQL: INSERT INTO `update_list` (`check_date`,`department`,`column`,`url`,`recent_date`,`limit_date`,`limit_name`,`limit_num`,`next_date`,`is_time_out`) VALUES ('2018-06-25','县市监局','产品质量','http://www.suichuan.gov.cn/xxgk/shgl/cpzl/index.shtml','2018-06-19','30','每月更新','1','2018-07-19',' ') [ RunTime:0.0017s ]
SQL: SELECT * FROM `dep_to_col` WHERE ( department_id = 33 AND site = '1' )  [ RunTime:0.0005s ]
SQL: SELECT * FROM `columns_updates` WHERE ( task_id = 'http://www.suichuan.gov.cn-20180625070002'  AND ptitle = '城乡管理建设' )  [ RunTime:0.0544s ]
SQL: SELECT * FROM `column` WHERE (  id = 72 AND site = '1' ) LIMIT 1   [ RunTime:0.0003s ]
SQL: INSERT INTO `update_list` (`check_date`,`department`,`column`,`url`,`recent_date`,`limit_date`,`limit_name`,`limit_num`,`next_date`,`is_time_out`) VALUES ('2018-06-25','县城建局','城乡管理建设','http://www.suichuan.gov.cn/xxgk/shgl/cxgljs/index.shtml','2018-03-14','30','每月更新','1','2018-04-13','超时') [ RunTime:0.0025s ]
SQL: SELECT * FROM `dep_to_col` WHERE ( department_id = 34 AND site = '1' )  [ RunTime:0.0003s ]
SQL: SELECT * FROM `columns_updates` WHERE ( task_id = 'http://www.suichuan.gov.cn-20180625070002'  AND ptitle = '公益救助' )  [ RunTime:0.0502s ]
SQL: SELECT * FROM `column` WHERE (  id = 73 AND site = '1' ) LIMIT 1   [ RunTime:0.0003s ]
SQL: INSERT INTO `update_list` (`check_date`,`department`,`column`,`url`,`recent_date`,`limit_date`,`limit_name`,`limit_num`,`next_date`,`is_time_out`) VALUES ('2018-06-25','县民政局','公益救助','http://www.suichuan.gov.cn/xxgk/shgl/gyjz/index.shtml','2018-04-12','30','每月更新','1','2018-05-12','超时') [ RunTime:0.0017s ]
SQL: SELECT * FROM `dep_to_col` WHERE ( department_id = 35 AND site = '1' )  [ RunTime:0.0005s ]
SQL: SELECT * FROM `columns_updates` WHERE ( task_id = 'http://www.suichuan.gov.cn-20180625070002'  AND ptitle = '征地拆迁' )  [ RunTime:0.0495s ]
SQL: SELECT * FROM `column` WHERE (  id = 74 AND site = '1' ) LIMIT 1   [ RunTime:0.0003s ]
SQL: INSERT INTO `update_list` (`check_date`,`department`,`column`,`url`,`recent_date`,`limit_date`,`limit_name`,`limit_num`,`next_date`,`is_time_out`) VALUES ('2018-06-25','县政府办、相关指挥中心','征地拆迁','http://www.suichuan.gov.cn/xxgk/shgl/zdcq/index.shtml','2017-11-21','30','每月更新','1','2017-12-21','超时') [ RunTime:0.0011s ]
SQL: SELECT * FROM `dep_to_col` WHERE ( department_id = 36 AND site = '1' )  [ RunTime:0.0004s ]
SQL: SELECT * FROM `columns_updates` WHERE ( task_id = 'http://www.suichuan.gov.cn-20180625070002'  AND ptitle = '意见征集' )  [ RunTime:0.0608s ]
SQL: SELECT * FROM `column` WHERE (  id = 87 AND site = '1' ) LIMIT 1   [ RunTime:0.0004s ]
SQL: INSERT INTO `update_list` (`check_date`,`department`,`column`,`url`,`recent_date`,`limit_date`,`limit_name`,`limit_num`,`next_date`,`is_time_out`) VALUES ('2018-06-25','提出部门、信息中心','意见征集','http://www.suichuan.gov.cn/gzcy/myzj/yjzj/index.shtml','2018-06-04','-1','适时更新','1','适时更新',' ') [ RunTime:0.0012s ]
SQL: SELECT * FROM `columns_updates` WHERE ( task_id = 'http://www.suichuan.gov.cn-20180625070002'  AND ptitle = '网上投票' )  [ RunTime:0.0614s ]
SQL: SELECT * FROM `column` WHERE (  id = 89 AND site = '1' ) LIMIT 1   [ RunTime:0.0003s ]
SQL: INSERT INTO `update_list` (`check_date`,`department`,`column`,`url`,`recent_date`,`limit_date`,`limit_name`,`limit_num`,`next_date`,`is_time_out`) VALUES ('2018-06-25','提出部门、信息中心','网上投票','http://www.suichuan.gov.cn/gzcy/myzj/wstp/index.shtml','2017-12-15','-1','适时更新','1','适时更新',' ') [ RunTime:0.0011s ]
SQL: SELECT * FROM `dep_to_col` WHERE ( department_id = 37 AND site = '1' )  [ RunTime:0.0003s ]
SQL: SELECT * FROM `columns_updates` WHERE ( task_id = 'http://www.suichuan.gov.cn-20180625070002'  AND ptitle = '旅游常识' )  [ RunTime:0.0603s ]
SQL: SELECT * FROM `column` WHERE (  id = 97 AND site = '1' ) LIMIT 1   [ RunTime:0.0004s ]
SQL: INSERT INTO `update_list` (`check_date`,`department`,`column`,`url`,`recent_date`,`limit_date`,`limit_name`,`limit_num`,`next_date`,`is_time_out`) VALUES ('2018-06-25','县旅游局','旅游常识','http://www.suichuan.gov.cn/tzly/lysc/lycs/index.shtml','2018-04-12','-3','每季度更新','1','2018-07-12',' ') [ RunTime:0.0013s ]
SQL: SELECT * FROM `columns_updates` WHERE ( task_id = 'http://www.suichuan.gov.cn-20180625070002'  AND ptitle = '旅行社' )  [ RunTime:0.0567s ]
SQL: SELECT * FROM `column` WHERE (  id = 100 AND site = '1' ) LIMIT 1   [ RunTime:0.0004s ]
SQL: INSERT INTO `update_list` (`check_date`,`department`,`column`,`url`,`recent_date`,`limit_date`,`limit_name`,`limit_num`,`next_date`,`is_time_out`) VALUES ('2018-06-25','县旅游局','旅行社','http://www.suichuan.gov.cn/tzly/lysc/lxs/index.shtml','2018-05-02','-3','每季度更新','1','2018-08-02',' ') [ RunTime:0.0011s ]
SQL: SELECT * FROM `columns_updates` WHERE ( task_id = 'http://www.suichuan.gov.cn-20180625070002'  AND ptitle = '购物中心' )  [ RunTime:0.0678s ]
SQL: SELECT * FROM `column` WHERE (  id = 101 AND site = '1' ) LIMIT 1   [ RunTime:0.0003s ]
SQL: INSERT INTO `update_list` (`check_date`,`department`,`column`,`url`,`recent_date`,`limit_date`,`limit_name`,`limit_num`,`next_date`,`is_time_out`) VALUES ('2018-06-25','县旅游局','购物中心','http://www.suichuan.gov.cn/tzly/lysc/gwzx/index.shtml','2018-04-12','-3','每季度更新','1','2018-07-12',' ') [ RunTime:0.0027s ]
SQL: SELECT * FROM `columns_updates` WHERE ( task_id = 'http://www.suichuan.gov.cn-20180625070002'  AND ptitle = '旅游景点' )  [ RunTime:0.0533s ]
SQL: SELECT * FROM `column` WHERE (  id = 95 AND site = '1' ) LIMIT 1   [ RunTime:0.0003s ]
SQL: INSERT INTO `update_list` (`check_date`,`department`,`column`,`url`,`recent_date`,`limit_date`,`limit_name`,`limit_num`,`next_date`,`is_time_out`) VALUES ('2018-06-25','县旅游局','旅游景点','http://www.suichuan.gov.cn/tzly/lysc/lyjd/index.shtml','2018-04-12','-3','每季度更新','1','2018-07-12',' ') [ RunTime:0.0011s ]
SQL: SELECT * FROM `columns_updates` WHERE ( task_id = 'http://www.suichuan.gov.cn-20180625070002'  AND ptitle = '旅游路线' )  [ RunTime:0.0504s ]
SQL: SELECT * FROM `column` WHERE (  id = 96 AND site = '1' ) LIMIT 1   [ RunTime:0.0003s ]
SQL: INSERT INTO `update_list` (`check_date`,`department`,`column`,`url`,`recent_date`,`limit_date`,`limit_name`,`limit_num`,`next_date`,`is_time_out`) VALUES ('2018-06-25','县旅游局','旅游路线','http://www.suichuan.gov.cn/tzly/lysc/lylx/index.shtml','2018-04-04','-3','每季度更新','1','2018-07-04',' ') [ RunTime:0.0011s ]
SQL: SELECT * FROM `columns_updates` WHERE ( task_id = 'http://www.suichuan.gov.cn-20180625070002'  AND ptitle = '特产美食' )  [ RunTime:0.0478s ]
SQL: SELECT * FROM `column` WHERE (  id = 98 AND site = '1' ) LIMIT 1   [ RunTime:0.0003s ]
SQL: INSERT INTO `update_list` (`check_date`,`department`,`column`,`url`,`recent_date`,`limit_date`,`limit_name`,`limit_num`,`next_date`,`is_time_out`) VALUES ('2018-06-25','县旅游局','特产美食','http://www.suichuan.gov.cn/tzly/lysc/tcms/index.shtml','2018-04-12','-3','每季度更新','1','2018-07-12',' ') [ RunTime:0.0055s ]
SQL: SELECT * FROM `columns_updates` WHERE ( task_id = 'http://www.suichuan.gov.cn-20180625070002'  AND ptitle = '酒店宾馆' )  [ RunTime:0.0796s ]
SQL: SELECT * FROM `column` WHERE (  id = 99 AND site = '1' ) LIMIT 1   [ RunTime:0.0003s ]
SQL: INSERT INTO `update_list` (`check_date`,`department`,`column`,`url`,`recent_date`,`limit_date`,`limit_name`,`limit_num`,`next_date`,`is_time_out`) VALUES ('2018-06-25','县旅游局','酒店宾馆','http://www.suichuan.gov.cn/tzly/lysc/jdbg/index.shtml','2018-04-12','-3','每季度更新','1','2018-07-12',' ') [ RunTime:0.0014s ]
SQL: SELECT * FROM `dep_to_col` WHERE ( department_id = 38 AND site = '1' )  [ RunTime:0.0004s ]
SQL: SELECT * FROM `columns_updates` WHERE ( task_id = 'http://www.suichuan.gov.cn-20180625070002'  AND ptitle = '投资指南' )  [ RunTime:0.0668s ]
SQL: SELECT * FROM `column` WHERE (  id = 103 AND site = '1' ) LIMIT 1   [ RunTime:0.0006s ]
SQL: INSERT INTO `update_list` (`check_date`,`department`,`column`,`url`,`recent_date`,`limit_date`,`limit_name`,`limit_num`,`next_date`,`is_time_out`) VALUES ('2018-06-25','县商务局','投资指南','http://www.suichuan.gov.cn/tzly/tzsc/tzzn/index.shtml','2015-03-11','-3','每季度更新','1','2015-06-11','超时') [ RunTime:0.0015s ]
SQL: SELECT * FROM `columns_updates` WHERE ( task_id = 'http://www.suichuan.gov.cn-20180625070002'  AND ptitle = '投资环境' )  [ RunTime:0.0679s ]
SQL: SELECT * FROM `column` WHERE (  id = 104 AND site = '1' ) LIMIT 1   [ RunTime:0.0004s ]
SQL: INSERT INTO `update_list` (`check_date`,`department`,`column`,`url`,`recent_date`,`limit_date`,`limit_name`,`limit_num`,`next_date`,`is_time_out`) VALUES ('2018-06-25','县商务局','投资环境','http://www.suichuan.gov.cn/tzly/tzsc/tzhj/index.shtml','2018-01-12','-3','每季度更新','1','2018-04-12','超时') [ RunTime:0.0018s ]
SQL: SELECT * FROM `columns_updates` WHERE ( task_id = 'http://www.suichuan.gov.cn-20180625070002'  AND ptitle = '投资导向' )  [ RunTime:0.0619s ]
SQL: SELECT * FROM `column` WHERE (  id = 105 AND site = '1' ) LIMIT 1   [ RunTime:0.0004s ]
SQL: INSERT INTO `update_list` (`check_date`,`department`,`column`,`url`,`recent_date`,`limit_date`,`limit_name`,`limit_num`,`next_date`,`is_time_out`) VALUES ('2018-06-25','县商务局','投资导向','http://www.suichuan.gov.cn/tzly/tzsc/tzdx/index.shtml','2015-03-11','-3','每季度更新','1','2015-06-11','超时') [ RunTime:0.0020s ]
SQL: SELECT * FROM `columns_updates` WHERE ( task_id = 'http://www.suichuan.gov.cn-20180625070002'  AND ptitle = '投资政策' )  [ RunTime:0.0486s ]
SQL: SELECT * FROM `column` WHERE (  id = 106 AND site = '1' ) LIMIT 1   [ RunTime:0.0003s ]
SQL: INSERT INTO `update_list` (`check_date`,`department`,`column`,`url`,`recent_date`,`limit_date`,`limit_name`,`limit_num`,`next_date`,`is_time_out`) VALUES ('2018-06-25','县商务局','投资政策','http://www.suichuan.gov.cn/tzly/tzsc/tzzc/index.shtml','2018-04-12','-3','每季度更新','1','2018-07-12',' ') [ RunTime:0.0016s ]
SQL: SELECT * FROM `columns_updates` WHERE ( task_id = 'http://www.suichuan.gov.cn-20180625070002'  AND ptitle = '招商项目' )  [ RunTime:0.0523s ]
SQL: SELECT * FROM `column` WHERE (  id = 107 AND site = '1' ) LIMIT 1   [ RunTime:0.0003s ]
SQL: INSERT INTO `update_list` (`check_date`,`department`,`column`,`url`,`recent_date`,`limit_date`,`limit_name`,`limit_num`,`next_date`,`is_time_out`) VALUES ('2018-06-25','县商务局','招商项目','http://www.suichuan.gov.cn/tzly/tzsc/zsxm/index.shtml','2018-04-13','-3','每季度更新','1','2018-07-13',' ') [ RunTime:0.0038s ]
SQL: SELECT * FROM `columns_updates` WHERE ( task_id = 'http://www.suichuan.gov.cn-20180625070002'  AND ptitle = '工业园区' )  [ RunTime:0.0602s ]
SQL: SELECT * FROM `column` WHERE (  id = 108 AND site = '1' ) LIMIT 1   [ RunTime:0.0004s ]
SQL: INSERT INTO `update_list` (`check_date`,`department`,`column`,`url`,`recent_date`,`limit_date`,`limit_name`,`limit_num`,`next_date`,`is_time_out`) VALUES ('2018-06-25','县商务局','工业园区','http://www.suichuan.gov.cn/tzly/tzsc/gyyq/index.shtml','2018-01-23','-3','每季度更新','1','2018-04-23','超时') [ RunTime:0.0019s ]
SQL: SELECT * FROM `columns_updates` WHERE ( task_id = 'http://www.suichuan.gov.cn-20180625070002'  AND ptitle = '企业风采' )  [ RunTime:0.0449s ]
SQL: SELECT * FROM `column` WHERE (  id = 109 AND site = '1' ) LIMIT 1   [ RunTime:0.0003s ]
SQL: INSERT INTO `update_list` (`check_date`,`department`,`column`,`url`,`recent_date`,`limit_date`,`limit_name`,`limit_num`,`next_date`,`is_time_out`) VALUES ('2018-06-25','县商务局','企业风采','http://www.suichuan.gov.cn/xwzx/ztxw/cjzpzt/qyfc/index.shtml','2015-03-11','-3','每季度更新','1','2015-06-11','超时') [ RunTime:0.0013s ]
SQL: SELECT `check_date` FROM `update_list`  [ RunTime:0.0013s ]
SQL: SELECT `department`,`column`,`url`,`recent_date`,`next_date`,`limit_name`,`is_time_out` FROM `update_list`  [ RunTime:0.0006s ]
NOTIC: [8] Use of undefined constant check_date - assumed 'check_date' /www/wwwroot/test.luckyme.com.cn/Application/Admin/Controller/IndexController.class.php 第 166 行.
INFO: [ app_end ] --START--
INFO: Run Behavior\ShowPageTraceBehavior [ RunTime:0.000777s ]
INFO: [ app_end ] --END-- [ RunTime:0.000840s ]

[ 2018-06-25T14:36:40+08:00 ] 123.206.191.77 //admin/check/checking
INFO: [ app_init ] --START--
INFO: Run Behavior\BuildLiteBehavior [ RunTime:0.000016s ]
INFO: [ app_init ] --END-- [ RunTime:0.000265s ]
INFO: [ app_begin ] --START--
INFO: Run Behavior\ReadHtmlCacheBehavior [ RunTime:0.000269s ]
INFO: [ app_begin ] --END-- [ RunTime:0.000303s ]
SQL: SHOW COLUMNS FROM `checking` [ RunTime:0.0006s ]
SQL: SELECT * FROM `checking` WHERE ( id = 1 ) LIMIT 1   [ RunTime:0.0002s ]
SQL: SELECT * FROM `checking` WHERE ( id = 2 ) LIMIT 1   [ RunTime:0.0001s ]
SQL: SELECT * FROM `checking` WHERE ( id = 3 ) LIMIT 1   [ RunTime:0.0001s ]

[ 2018-06-25T14:36:40+08:00 ] 123.206.191.77 //admin/check/listall
INFO: [ app_init ] --START--
INFO: Run Behavior\BuildLiteBehavior [ RunTime:0.000398s ]
INFO: [ app_init ] --END-- [ RunTime:0.000760s ]
INFO: [ app_begin ] --START--
INFO: Run Behavior\ReadHtmlCacheBehavior [ RunTime:0.000338s ]
INFO: [ app_begin ] --END-- [ RunTime:0.000397s ]
SQL: SHOW COLUMNS FROM `task` [ RunTime:0.0008s ]
SQL: SELECT * FROM `task` WHERE ( end_time != 'null' ) ORDER BY start_time desc LIMIT 0,8   [ RunTime:0.0004s ]
SQL: SELECT * FROM `task` WHERE ( end_time != 'null' )  [ RunTime:0.0003s ]

[ 2018-06-25T14:37:10+08:00 ] 123.206.191.77 //admin/check/checking
INFO: [ app_init ] --START--
INFO: Run Behavior\BuildLiteBehavior [ RunTime:0.000013s ]
INFO: [ app_init ] --END-- [ RunTime:0.000239s ]
INFO: [ app_begin ] --START--
INFO: Run Behavior\ReadHtmlCacheBehavior [ RunTime:0.000265s ]
INFO: [ app_begin ] --END-- [ RunTime:0.000327s ]
SQL: SHOW COLUMNS FROM `checking` [ RunTime:0.0006s ]
SQL: SELECT * FROM `checking` WHERE ( id = 1 ) LIMIT 1   [ RunTime:0.0002s ]
SQL: SELECT * FROM `checking` WHERE ( id = 2 ) LIMIT 1   [ RunTime:0.0001s ]
SQL: SELECT * FROM `checking` WHERE ( id = 3 ) LIMIT 1   [ RunTime:0.0001s ]

[ 2018-06-25T14:37:10+08:00 ] 123.206.191.77 //admin/check/listall
INFO: [ app_init ] --START--
INFO: Run Behavior\BuildLiteBehavior [ RunTime:0.000013s ]
INFO: [ app_init ] --END-- [ RunTime:0.000283s ]
INFO: [ app_begin ] --START--
INFO: Run Behavior\ReadHtmlCacheBehavior [ RunTime:0.000348s ]
INFO: [ app_begin ] --END-- [ RunTime:0.000390s ]
SQL: SHOW COLUMNS FROM `task` [ RunTime:0.0006s ]
SQL: SELECT * FROM `task` WHERE ( end_time != 'null' ) ORDER BY start_time desc LIMIT 0,8   [ RunTime:0.0004s ]
SQL: SELECT * FROM `task` WHERE ( end_time != 'null' )  [ RunTime:0.0002s ]

[ 2018-06-25T14:37:40+08:00 ] 123.206.191.77 //admin/check/checking
INFO: [ app_init ] --START--
INFO: Run Behavior\BuildLiteBehavior [ RunTime:0.000020s ]
INFO: [ app_init ] --END-- [ RunTime:0.000380s ]
INFO: [ app_begin ] --START--
INFO: Run Behavior\ReadHtmlCacheBehavior [ RunTime:0.000472s ]
INFO: [ app_begin ] --END-- [ RunTime:0.001525s ]
SQL: SHOW COLUMNS FROM `checking` [ RunTime:0.0006s ]
SQL: SELECT * FROM `checking` WHERE ( id = 1 ) LIMIT 1   [ RunTime:0.0002s ]
SQL: SELECT * FROM `checking` WHERE ( id = 2 ) LIMIT 1   [ RunTime:0.0002s ]
SQL: SELECT * FROM `checking` WHERE ( id = 3 ) LIMIT 1   [ RunTime:0.0002s ]

[ 2018-06-25T14:37:40+08:00 ] 123.206.191.77 //admin/check/listall
INFO: [ app_init ] --START--
INFO: Run Behavior\BuildLiteBehavior [ RunTime:0.000018s ]
INFO: [ app_init ] --END-- [ RunTime:0.000370s ]
INFO: [ app_begin ] --START--
INFO: Run Behavior\ReadHtmlCacheBehavior [ RunTime:0.000402s ]
INFO: [ app_begin ] --END-- [ RunTime:0.000454s ]
SQL: SHOW COLUMNS FROM `task` [ RunTime:0.0006s ]
SQL: SELECT * FROM `task` WHERE ( end_time != 'null' ) ORDER BY start_time desc LIMIT 0,8   [ RunTime:0.0003s ]
SQL: SELECT * FROM `task` WHERE ( end_time != 'null' )  [ RunTime:0.0002s ]

[ 2018-06-25T14:38:11+08:00 ] 123.206.191.77 //admin/check/checking
INFO: [ app_init ] --START--
INFO: Run Behavior\BuildLiteBehavior [ RunTime:0.000017s ]
INFO: [ app_init ] --END-- [ RunTime:0.000373s ]
INFO: [ app_begin ] --START--
INFO: Run Behavior\ReadHtmlCacheBehavior [ RunTime:0.000324s ]
INFO: [ app_begin ] --END-- [ RunTime:0.000360s ]
SQL: SHOW COLUMNS FROM `checking` [ RunTime:0.0006s ]
SQL: SELECT * FROM `checking` WHERE ( id = 1 ) LIMIT 1   [ RunTime:0.0002s ]
SQL: SELECT * FROM `checking` WHERE ( id = 2 ) LIMIT 1   [ RunTime:0.0002s ]
SQL: SELECT * FROM `checking` WHERE ( id = 3 ) LIMIT 1   [ RunTime:0.0002s ]

[ 2018-06-25T14:38:11+08:00 ] 123.206.191.77 //admin/check/listall
INFO: [ app_init ] --START--
INFO: Run Behavior\BuildLiteBehavior [ RunTime:0.000015s ]
INFO: [ app_init ] --END-- [ RunTime:0.000250s ]
INFO: [ app_begin ] --START--
INFO: Run Behavior\ReadHtmlCacheBehavior [ RunTime:0.000275s ]
INFO: [ app_begin ] --END-- [ RunTime:0.000309s ]
SQL: SHOW COLUMNS FROM `task` [ RunTime:0.0007s ]
SQL: SELECT * FROM `task` WHERE ( end_time != 'null' ) ORDER BY start_time desc LIMIT 0,8   [ RunTime:0.0003s ]
SQL: SELECT * FROM `task` WHERE ( end_time != 'null' )  [ RunTime:0.0003s ]

