[ 2018-07-08T07:10:40+08:00 ] 123.206.191.77 /admin/index/checked?num=1
INFO: [ app_init ] --START--
INFO: Run Behavior\BuildLiteBehavior [ RunTime:0.000020s ]
INFO: [ app_init ] --END-- [ RunTime:0.001542s ]
INFO: [ app_begin ] --START--
INFO: Run Behavior\ReadHtmlCacheBehavior [ RunTime:0.001401s ]
INFO: [ app_begin ] --END-- [ RunTime:0.001548s ]
SQL: SHOW COLUMNS FROM `checking` [ RunTime:0.0026s ]
SQL: UPDATE `checking` SET `is_checking`='0' WHERE ( id = '1' ) [ RunTime:0.0020s ]
SQL: SHOW COLUMNS FROM `task` [ RunTime:0.0007s ]
SQL: SELECT * FROM `task` WHERE ( task_id LIKE '%http://www.suichuan.gov.cn%' AND end_time is null ) LIMIT 1   [ RunTime:0.0008s ]
SQL: UPDATE `task` SET `end_time`='2018-07-08,07:10:40' WHERE ( id = '60' ) [ RunTime:0.0015s ]
ERR: 1050:Table 'link_title_count' already exists
 [ SQL语句 ] : 
        create table link_title_count (select url, title, count(*) as ct from links group by url, title);
        create table link_title_map (select url, title, ct from link_title_count where title <> '' group by url having ct = max(ct));
        update links, link_title_map
        set links.title = link_title_map.title
        where links.url = link_title_map.url;
        update links, link_title_map
        set links.ptitle = link_title_map.title
        where links.purl = link_title_map.url;
ERR: 1050:Table 'link_title_count' already exists
 [ SQL语句 ] : 
        create table link_title_count (select url, title, count(*) as ct from links group by url, title);
        create table link_title_map (select url, title, ct from link_title_count where title <> '' group by url having ct = max(ct));
        update links, link_title_map
        set links.title = link_title_map.title
        where links.url = link_title_map.url;
        update links, link_title_map
        set links.ptitle = link_title_map.title
        where links.purl = link_title_map.url;

[ 2018-07-08T07:56:34+08:00 ] 123.206.191.77 /admin/index/checked?num=2
INFO: [ app_init ] --START--
INFO: Run Behavior\BuildLiteBehavior [ RunTime:0.000027s ]
INFO: [ app_init ] --END-- [ RunTime:0.002760s ]
INFO: [ app_begin ] --START--
INFO: Run Behavior\ReadHtmlCacheBehavior [ RunTime:0.001113s ]
INFO: [ app_begin ] --END-- [ RunTime:0.001503s ]
SQL: SHOW COLUMNS FROM `checking` [ RunTime:0.0059s ]
SQL: UPDATE `checking` SET `is_checking`='0' WHERE ( id = '2' ) [ RunTime:0.0022s ]
SQL: SHOW COLUMNS FROM `task` [ RunTime:0.0013s ]
SQL: SELECT * FROM `task` WHERE ( task_id LIKE '%http://pub.jian.gov.cn/jxsc%' AND end_time is null ) LIMIT 1   [ RunTime:0.0007s ]
SQL: UPDATE `task` SET `end_time`='2018-07-08,07:56:34' WHERE ( id = '61' ) [ RunTime:0.0045s ]
ERR: 1050:Table 'link_title_count' already exists
 [ SQL语句 ] : 
        create table link_title_count (select url, title, count(*) as ct from links group by url, title);
        create table link_title_map (select url, title, ct from link_title_count where title <> '' group by url having ct = max(ct));
        update links, link_title_map
        set links.title = link_title_map.title
        where links.url = link_title_map.url;
        update links, link_title_map
        set links.ptitle = link_title_map.title
        where links.purl = link_title_map.url;
ERR: 1050:Table 'link_title_count' already exists
 [ SQL语句 ] : 
        create table link_title_count (select url, title, count(*) as ct from links group by url, title);
        create table link_title_map (select url, title, ct from link_title_count where title <> '' group by url having ct = max(ct));
        update links, link_title_map
        set links.title = link_title_map.title
        where links.url = link_title_map.url;
        update links, link_title_map
        set links.ptitle = link_title_map.title
        where links.purl = link_title_map.url;

