[ 2018-05-26T21:55:16+08:00 ] 192.168.33.1 /admin/check/checking
INFO: [ app_init ] --START--
INFO: Run Behavior\BuildLiteBehavior [ RunTime:0.000013s ]
INFO: [ app_init ] --END-- [ RunTime:0.008464s ]
INFO: [ app_begin ] --START--
INFO: Run Behavior\ReadHtmlCacheBehavior [ RunTime:0.017163s ]
INFO: [ app_begin ] --END-- [ RunTime:0.017220s ]
SQL: SHOW COLUMNS FROM `checking` [ RunTime:0.0006s ]
SQL: SELECT * FROM `checking` WHERE ( id = 1 ) LIMIT 1   [ RunTime:0.0002s ]
SQL: SELECT * FROM `checking` WHERE ( id = 2 ) LIMIT 1   [ RunTime:0.0002s ]
SQL: SELECT * FROM `checking` WHERE ( id = 3 ) LIMIT 1   [ RunTime:0.0002s ]

[ 2018-05-26T21:55:17+08:00 ] 192.168.33.1 /admin/check/listall
INFO: [ app_init ] --START--
INFO: Run Behavior\BuildLiteBehavior [ RunTime:0.000015s ]
INFO: [ app_init ] --END-- [ RunTime:0.009034s ]
INFO: [ app_begin ] --START--
INFO: Run Behavior\ReadHtmlCacheBehavior [ RunTime:0.016584s ]
INFO: [ app_begin ] --END-- [ RunTime:0.016668s ]
SQL: SHOW COLUMNS FROM `task` [ RunTime:0.0006s ]
SQL: SELECT * FROM `task` WHERE ( end_time != 'null' ) ORDER BY start_time desc LIMIT 0,8   [ RunTime:0.0002s ]
SQL: SELECT * FROM `task` WHERE ( end_time != 'null' )  [ RunTime:0.0002s ]

[ 2018-05-26T21:55:32+08:00 ] 192.168.33.1 /admin/check/checking
INFO: [ app_init ] --START--
INFO: Run Behavior\BuildLiteBehavior [ RunTime:0.000014s ]
INFO: [ app_init ] --END-- [ RunTime:0.008584s ]
INFO: [ app_begin ] --START--
INFO: Run Behavior\ReadHtmlCacheBehavior [ RunTime:0.017098s ]
INFO: [ app_begin ] --END-- [ RunTime:0.017155s ]
SQL: SHOW COLUMNS FROM `checking` [ RunTime:0.0006s ]
SQL: SELECT * FROM `checking` WHERE ( id = 1 ) LIMIT 1   [ RunTime:0.0002s ]
SQL: SELECT * FROM `checking` WHERE ( id = 2 ) LIMIT 1   [ RunTime:0.0002s ]
SQL: SELECT * FROM `checking` WHERE ( id = 3 ) LIMIT 1   [ RunTime:0.0002s ]

[ 2018-05-26T21:55:33+08:00 ] 192.168.33.1 /admin/check/listall
INFO: [ app_init ] --START--
INFO: Run Behavior\BuildLiteBehavior [ RunTime:0.000013s ]
INFO: [ app_init ] --END-- [ RunTime:0.008272s ]
INFO: [ app_begin ] --START--
INFO: Run Behavior\ReadHtmlCacheBehavior [ RunTime:0.019242s ]
INFO: [ app_begin ] --END-- [ RunTime:0.019319s ]
SQL: SHOW COLUMNS FROM `task` [ RunTime:0.0008s ]
SQL: SELECT * FROM `task` WHERE ( end_time != 'null' ) ORDER BY start_time desc LIMIT 0,8   [ RunTime:0.0004s ]
SQL: SELECT * FROM `task` WHERE ( end_time != 'null' )  [ RunTime:0.0003s ]

[ 2018-05-26T21:55:33+08:00 ] 192.168.33.1 /admin/check/checking
INFO: [ app_init ] --START--
INFO: Run Behavior\BuildLiteBehavior [ RunTime:0.000016s ]
INFO: [ app_init ] --END-- [ RunTime:0.006055s ]
INFO: [ app_begin ] --START--
INFO: Run Behavior\ReadHtmlCacheBehavior [ RunTime:0.016413s ]
INFO: [ app_begin ] --END-- [ RunTime:0.016498s ]
SQL: SHOW COLUMNS FROM `checking` [ RunTime:0.0006s ]
SQL: SELECT * FROM `checking` WHERE ( id = 1 ) LIMIT 1   [ RunTime:0.0002s ]
SQL: SELECT * FROM `checking` WHERE ( id = 2 ) LIMIT 1   [ RunTime:0.0002s ]
SQL: SELECT * FROM `checking` WHERE ( id = 3 ) LIMIT 1   [ RunTime:0.0002s ]

[ 2018-05-26T21:55:34+08:00 ] 192.168.33.1 /admin/check/listall
INFO: [ app_init ] --START--
INFO: Run Behavior\BuildLiteBehavior [ RunTime:0.000013s ]
INFO: [ app_init ] --END-- [ RunTime:0.006997s ]
INFO: [ app_begin ] --START--
INFO: Run Behavior\ReadHtmlCacheBehavior [ RunTime:0.017447s ]
INFO: [ app_begin ] --END-- [ RunTime:0.017500s ]
SQL: SHOW COLUMNS FROM `task` [ RunTime:0.0006s ]
SQL: SELECT * FROM `task` WHERE ( end_time != 'null' ) ORDER BY start_time desc LIMIT 0,8   [ RunTime:0.0002s ]
SQL: SELECT * FROM `task` WHERE ( end_time != 'null' )  [ RunTime:0.0002s ]

[ 2018-05-26T21:55:46+08:00 ] 192.168.33.1 /admin/check/checking
INFO: [ app_init ] --START--
INFO: Run Behavior\BuildLiteBehavior [ RunTime:0.000014s ]
INFO: [ app_init ] --END-- [ RunTime:0.006662s ]
INFO: [ app_begin ] --START--
INFO: Run Behavior\ReadHtmlCacheBehavior [ RunTime:0.017989s ]
INFO: [ app_begin ] --END-- [ RunTime:0.018042s ]
SQL: SHOW COLUMNS FROM `checking` [ RunTime:0.0006s ]
SQL: SELECT * FROM `checking` WHERE ( id = 1 ) LIMIT 1   [ RunTime:0.0003s ]
SQL: SELECT * FROM `checking` WHERE ( id = 2 ) LIMIT 1   [ RunTime:0.0002s ]
SQL: SELECT * FROM `checking` WHERE ( id = 3 ) LIMIT 1   [ RunTime:0.0002s ]

[ 2018-05-26T21:55:47+08:00 ] 192.168.33.1 /admin/check/listall
INFO: [ app_init ] --START--
INFO: Run Behavior\BuildLiteBehavior [ RunTime:0.000015s ]
INFO: [ app_init ] --END-- [ RunTime:0.007346s ]
INFO: [ app_begin ] --START--
INFO: Run Behavior\ReadHtmlCacheBehavior [ RunTime:0.015654s ]
INFO: [ app_begin ] --END-- [ RunTime:0.015716s ]
SQL: SHOW COLUMNS FROM `task` [ RunTime:0.0007s ]
SQL: SELECT * FROM `task` WHERE ( end_time != 'null' ) ORDER BY start_time desc LIMIT 0,8   [ RunTime:0.0002s ]
SQL: SELECT * FROM `task` WHERE ( end_time != 'null' )  [ RunTime:0.0002s ]

[ 2018-05-26T21:56:02+08:00 ] 192.168.33.1 /admin/check/checking
INFO: [ app_init ] --START--
INFO: Run Behavior\BuildLiteBehavior [ RunTime:0.000015s ]
INFO: [ app_init ] --END-- [ RunTime:0.006897s ]
INFO: [ app_begin ] --START--
INFO: Run Behavior\ReadHtmlCacheBehavior [ RunTime:0.016801s ]
INFO: [ app_begin ] --END-- [ RunTime:0.016857s ]
SQL: SHOW COLUMNS FROM `checking` [ RunTime:0.0008s ]
SQL: SELECT * FROM `checking` WHERE ( id = 1 ) LIMIT 1   [ RunTime:0.0003s ]
SQL: SELECT * FROM `checking` WHERE ( id = 2 ) LIMIT 1   [ RunTime:0.0002s ]
SQL: SELECT * FROM `checking` WHERE ( id = 3 ) LIMIT 1   [ RunTime:0.0002s ]

[ 2018-05-26T21:56:03+08:00 ] 192.168.33.1 /admin/check/listall
INFO: [ app_init ] --START--
INFO: Run Behavior\BuildLiteBehavior [ RunTime:0.000015s ]
INFO: [ app_init ] --END-- [ RunTime:0.007690s ]
INFO: [ app_begin ] --START--
INFO: Run Behavior\ReadHtmlCacheBehavior [ RunTime:0.015932s ]
INFO: [ app_begin ] --END-- [ RunTime:0.015997s ]
SQL: SHOW COLUMNS FROM `task` [ RunTime:0.0007s ]
SQL: SELECT * FROM `task` WHERE ( end_time != 'null' ) ORDER BY start_time desc LIMIT 0,8   [ RunTime:0.0003s ]
SQL: SELECT * FROM `task` WHERE ( end_time != 'null' )  [ RunTime:0.0003s ]

[ 2018-05-26T21:56:03+08:00 ] 192.168.33.1 /admin/check/checking
INFO: [ app_init ] --START--
INFO: Run Behavior\BuildLiteBehavior [ RunTime:0.000014s ]
INFO: [ app_init ] --END-- [ RunTime:0.006288s ]
INFO: [ app_begin ] --START--
INFO: Run Behavior\ReadHtmlCacheBehavior [ RunTime:0.014013s ]
INFO: [ app_begin ] --END-- [ RunTime:0.014068s ]
SQL: SHOW COLUMNS FROM `checking` [ RunTime:0.0006s ]
SQL: SELECT * FROM `checking` WHERE ( id = 1 ) LIMIT 1   [ RunTime:0.0002s ]
SQL: SELECT * FROM `checking` WHERE ( id = 2 ) LIMIT 1   [ RunTime:0.0002s ]
SQL: SELECT * FROM `checking` WHERE ( id = 3 ) LIMIT 1   [ RunTime:0.0002s ]

[ 2018-05-26T21:56:04+08:00 ] 192.168.33.1 /admin/check/listall
INFO: [ app_init ] --START--
INFO: Run Behavior\BuildLiteBehavior [ RunTime:0.000031s ]
INFO: [ app_init ] --END-- [ RunTime:0.008069s ]
INFO: [ app_begin ] --START--
INFO: Run Behavior\ReadHtmlCacheBehavior [ RunTime:0.015630s ]
INFO: [ app_begin ] --END-- [ RunTime:0.015688s ]
SQL: SHOW COLUMNS FROM `task` [ RunTime:0.0006s ]
SQL: SELECT * FROM `task` WHERE ( end_time != 'null' ) ORDER BY start_time desc LIMIT 0,8   [ RunTime:0.0003s ]
SQL: SELECT * FROM `task` WHERE ( end_time != 'null' )  [ RunTime:0.0002s ]

[ 2018-05-26T21:56:16+08:00 ] 192.168.33.1 /admin/check/checking
INFO: [ app_init ] --START--
INFO: Run Behavior\BuildLiteBehavior [ RunTime:0.000014s ]
INFO: [ app_init ] --END-- [ RunTime:0.008218s ]
INFO: [ app_begin ] --START--
INFO: Run Behavior\ReadHtmlCacheBehavior [ RunTime:0.016701s ]
INFO: [ app_begin ] --END-- [ RunTime:0.016756s ]
SQL: SHOW COLUMNS FROM `checking` [ RunTime:0.0006s ]
SQL: SELECT * FROM `checking` WHERE ( id = 1 ) LIMIT 1   [ RunTime:0.0002s ]
SQL: SELECT * FROM `checking` WHERE ( id = 2 ) LIMIT 1   [ RunTime:0.0002s ]
SQL: SELECT * FROM `checking` WHERE ( id = 3 ) LIMIT 1   [ RunTime:0.0003s ]

[ 2018-05-26T21:56:17+08:00 ] 192.168.33.1 /admin/check/listall
INFO: [ app_init ] --START--
INFO: Run Behavior\BuildLiteBehavior [ RunTime:0.000014s ]
INFO: [ app_init ] --END-- [ RunTime:0.006719s ]
INFO: [ app_begin ] --START--
INFO: Run Behavior\ReadHtmlCacheBehavior [ RunTime:0.017756s ]
INFO: [ app_begin ] --END-- [ RunTime:0.017817s ]
SQL: SHOW COLUMNS FROM `task` [ RunTime:0.0007s ]
SQL: SELECT * FROM `task` WHERE ( end_time != 'null' ) ORDER BY start_time desc LIMIT 0,8   [ RunTime:0.0002s ]
SQL: SELECT * FROM `task` WHERE ( end_time != 'null' )  [ RunTime:0.0002s ]

[ 2018-05-26T21:56:32+08:00 ] 192.168.33.1 /admin/check/checking
INFO: [ app_init ] --START--
INFO: Run Behavior\BuildLiteBehavior [ RunTime:0.000015s ]
INFO: [ app_init ] --END-- [ RunTime:0.007596s ]
INFO: [ app_begin ] --START--
INFO: Run Behavior\ReadHtmlCacheBehavior [ RunTime:0.016484s ]
INFO: [ app_begin ] --END-- [ RunTime:0.016558s ]
SQL: SHOW COLUMNS FROM `checking` [ RunTime:0.0006s ]
SQL: SELECT * FROM `checking` WHERE ( id = 1 ) LIMIT 1   [ RunTime:0.0003s ]
SQL: SELECT * FROM `checking` WHERE ( id = 2 ) LIMIT 1   [ RunTime:0.0002s ]
SQL: SELECT * FROM `checking` WHERE ( id = 3 ) LIMIT 1   [ RunTime:0.0002s ]

[ 2018-05-26T21:56:33+08:00 ] 192.168.33.1 /admin/check/listall
INFO: [ app_init ] --START--
INFO: Run Behavior\BuildLiteBehavior [ RunTime:0.000014s ]
INFO: [ app_init ] --END-- [ RunTime:0.008035s ]
INFO: [ app_begin ] --START--
INFO: Run Behavior\ReadHtmlCacheBehavior [ RunTime:0.014000s ]
INFO: [ app_begin ] --END-- [ RunTime:0.014089s ]
SQL: SHOW COLUMNS FROM `task` [ RunTime:0.0013s ]
SQL: SELECT * FROM `task` WHERE ( end_time != 'null' ) ORDER BY start_time desc LIMIT 0,8   [ RunTime:0.0004s ]
SQL: SELECT * FROM `task` WHERE ( end_time != 'null' )  [ RunTime:0.0003s ]

[ 2018-05-26T21:56:33+08:00 ] 192.168.33.1 /admin/check/checking
INFO: [ app_init ] --START--
INFO: Run Behavior\BuildLiteBehavior [ RunTime:0.000014s ]
INFO: [ app_init ] --END-- [ RunTime:0.007519s ]
INFO: [ app_begin ] --START--
INFO: Run Behavior\ReadHtmlCacheBehavior [ RunTime:0.015617s ]
INFO: [ app_begin ] --END-- [ RunTime:0.015690s ]
SQL: SHOW COLUMNS FROM `checking` [ RunTime:0.0006s ]
SQL: SELECT * FROM `checking` WHERE ( id = 1 ) LIMIT 1   [ RunTime:0.0002s ]
SQL: SELECT * FROM `checking` WHERE ( id = 2 ) LIMIT 1   [ RunTime:0.0002s ]
SQL: SELECT * FROM `checking` WHERE ( id = 3 ) LIMIT 1   [ RunTime:0.0002s ]

[ 2018-05-26T21:56:34+08:00 ] 192.168.33.1 /admin/check/listall
INFO: [ app_init ] --START--
INFO: Run Behavior\BuildLiteBehavior [ RunTime:0.000014s ]
INFO: [ app_init ] --END-- [ RunTime:0.007973s ]
INFO: [ app_begin ] --START--
INFO: Run Behavior\ReadHtmlCacheBehavior [ RunTime:0.016067s ]
INFO: [ app_begin ] --END-- [ RunTime:0.016127s ]
SQL: SHOW COLUMNS FROM `task` [ RunTime:0.0006s ]
SQL: SELECT * FROM `task` WHERE ( end_time != 'null' ) ORDER BY start_time desc LIMIT 0,8   [ RunTime:0.0002s ]
SQL: SELECT * FROM `task` WHERE ( end_time != 'null' )  [ RunTime:0.0002s ]

[ 2018-05-26T21:56:46+08:00 ] 192.168.33.1 /admin/check/checking
INFO: [ app_init ] --START--
INFO: Run Behavior\BuildLiteBehavior [ RunTime:0.000014s ]
INFO: [ app_init ] --END-- [ RunTime:0.007486s ]
INFO: [ app_begin ] --START--
INFO: Run Behavior\ReadHtmlCacheBehavior [ RunTime:0.017594s ]
INFO: [ app_begin ] --END-- [ RunTime:0.017664s ]
SQL: SHOW COLUMNS FROM `checking` [ RunTime:0.0007s ]
SQL: SELECT * FROM `checking` WHERE ( id = 1 ) LIMIT 1   [ RunTime:0.0002s ]
SQL: SELECT * FROM `checking` WHERE ( id = 2 ) LIMIT 1   [ RunTime:0.0002s ]
SQL: SELECT * FROM `checking` WHERE ( id = 3 ) LIMIT 1   [ RunTime:0.0002s ]

[ 2018-05-26T21:56:47+08:00 ] 192.168.33.1 /admin/check/listall
INFO: [ app_init ] --START--
INFO: Run Behavior\BuildLiteBehavior [ RunTime:0.000013s ]
INFO: [ app_init ] --END-- [ RunTime:0.008197s ]
INFO: [ app_begin ] --START--
INFO: Run Behavior\ReadHtmlCacheBehavior [ RunTime:0.017973s ]
INFO: [ app_begin ] --END-- [ RunTime:0.018063s ]
SQL: SHOW COLUMNS FROM `task` [ RunTime:0.0006s ]
SQL: SELECT * FROM `task` WHERE ( end_time != 'null' ) ORDER BY start_time desc LIMIT 0,8   [ RunTime:0.0002s ]
SQL: SELECT * FROM `task` WHERE ( end_time != 'null' )  [ RunTime:0.0002s ]

[ 2018-05-26T21:57:02+08:00 ] 192.168.33.1 /admin/check/checking
INFO: [ app_init ] --START--
INFO: Run Behavior\BuildLiteBehavior [ RunTime:0.000013s ]
INFO: [ app_init ] --END-- [ RunTime:0.007414s ]
INFO: [ app_begin ] --START--
INFO: Run Behavior\ReadHtmlCacheBehavior [ RunTime:0.016077s ]
INFO: [ app_begin ] --END-- [ RunTime:0.016136s ]
SQL: SHOW COLUMNS FROM `checking` [ RunTime:0.0006s ]
SQL: SELECT * FROM `checking` WHERE ( id = 1 ) LIMIT 1   [ RunTime:0.0002s ]
SQL: SELECT * FROM `checking` WHERE ( id = 2 ) LIMIT 1   [ RunTime:0.0002s ]
SQL: SELECT * FROM `checking` WHERE ( id = 3 ) LIMIT 1   [ RunTime:0.0010s ]

[ 2018-05-26T21:57:03+08:00 ] 192.168.33.1 /admin/check/listall
INFO: [ app_init ] --START--
INFO: Run Behavior\BuildLiteBehavior [ RunTime:0.000029s ]
INFO: [ app_init ] --END-- [ RunTime:0.006220s ]
INFO: [ app_begin ] --START--
INFO: Run Behavior\ReadHtmlCacheBehavior [ RunTime:0.015651s ]
INFO: [ app_begin ] --END-- [ RunTime:0.015997s ]
SQL: SHOW COLUMNS FROM `task` [ RunTime:0.0008s ]
SQL: SELECT * FROM `task` WHERE ( end_time != 'null' ) ORDER BY start_time desc LIMIT 0,8   [ RunTime:0.0003s ]
SQL: SELECT * FROM `task` WHERE ( end_time != 'null' )  [ RunTime:0.0003s ]

[ 2018-05-26T21:57:03+08:00 ] 192.168.33.1 /admin/check/checking
INFO: [ app_init ] --START--
INFO: Run Behavior\BuildLiteBehavior [ RunTime:0.000015s ]
INFO: [ app_init ] --END-- [ RunTime:0.008465s ]
INFO: [ app_begin ] --START--
INFO: Run Behavior\ReadHtmlCacheBehavior [ RunTime:0.017615s ]
INFO: [ app_begin ] --END-- [ RunTime:0.017673s ]
SQL: SHOW COLUMNS FROM `checking` [ RunTime:0.0006s ]
SQL: SELECT * FROM `checking` WHERE ( id = 1 ) LIMIT 1   [ RunTime:0.0002s ]
SQL: SELECT * FROM `checking` WHERE ( id = 2 ) LIMIT 1   [ RunTime:0.0002s ]
SQL: SELECT * FROM `checking` WHERE ( id = 3 ) LIMIT 1   [ RunTime:0.0002s ]

[ 2018-05-26T21:57:04+08:00 ] 192.168.33.1 /admin/check/listall
INFO: [ app_init ] --START--
INFO: Run Behavior\BuildLiteBehavior [ RunTime:0.000015s ]
INFO: [ app_init ] --END-- [ RunTime:0.008135s ]
INFO: [ app_begin ] --START--
INFO: Run Behavior\ReadHtmlCacheBehavior [ RunTime:0.017517s ]
INFO: [ app_begin ] --END-- [ RunTime:0.017586s ]
SQL: SHOW COLUMNS FROM `task` [ RunTime:0.0008s ]
SQL: SELECT * FROM `task` WHERE ( end_time != 'null' ) ORDER BY start_time desc LIMIT 0,8   [ RunTime:0.0002s ]
SQL: SELECT * FROM `task` WHERE ( end_time != 'null' )  [ RunTime:0.0002s ]

[ 2018-05-26T21:57:16+08:00 ] 192.168.33.1 /admin/check/checking
INFO: [ app_init ] --START--
INFO: Run Behavior\BuildLiteBehavior [ RunTime:0.000014s ]
INFO: [ app_init ] --END-- [ RunTime:0.007507s ]
INFO: [ app_begin ] --START--
INFO: Run Behavior\ReadHtmlCacheBehavior [ RunTime:0.017421s ]
INFO: [ app_begin ] --END-- [ RunTime:0.017478s ]
SQL: SHOW COLUMNS FROM `checking` [ RunTime:0.0007s ]
SQL: SELECT * FROM `checking` WHERE ( id = 1 ) LIMIT 1   [ RunTime:0.0002s ]
SQL: SELECT * FROM `checking` WHERE ( id = 2 ) LIMIT 1   [ RunTime:0.0002s ]
SQL: SELECT * FROM `checking` WHERE ( id = 3 ) LIMIT 1   [ RunTime:0.0002s ]

[ 2018-05-26T21:57:17+08:00 ] 192.168.33.1 /admin/check/listall
INFO: [ app_init ] --START--
INFO: Run Behavior\BuildLiteBehavior [ RunTime:0.000013s ]
INFO: [ app_init ] --END-- [ RunTime:0.008353s ]
INFO: [ app_begin ] --START--
INFO: Run Behavior\ReadHtmlCacheBehavior [ RunTime:0.017117s ]
INFO: [ app_begin ] --END-- [ RunTime:0.017179s ]
SQL: SHOW COLUMNS FROM `task` [ RunTime:0.0007s ]
SQL: SELECT * FROM `task` WHERE ( end_time != 'null' ) ORDER BY start_time desc LIMIT 0,8   [ RunTime:0.0002s ]
SQL: SELECT * FROM `task` WHERE ( end_time != 'null' )  [ RunTime:0.0002s ]

[ 2018-05-26T21:57:32+08:00 ] 192.168.33.1 /admin/check/checking
INFO: [ app_init ] --START--
INFO: Run Behavior\BuildLiteBehavior [ RunTime:0.000014s ]
INFO: [ app_init ] --END-- [ RunTime:0.008244s ]
INFO: [ app_begin ] --START--
INFO: Run Behavior\ReadHtmlCacheBehavior [ RunTime:0.018344s ]
INFO: [ app_begin ] --END-- [ RunTime:0.018405s ]
SQL: SHOW COLUMNS FROM `checking` [ RunTime:0.0006s ]
SQL: SELECT * FROM `checking` WHERE ( id = 1 ) LIMIT 1   [ RunTime:0.0002s ]
SQL: SELECT * FROM `checking` WHERE ( id = 2 ) LIMIT 1   [ RunTime:0.0004s ]
SQL: SELECT * FROM `checking` WHERE ( id = 3 ) LIMIT 1   [ RunTime:0.0003s ]

[ 2018-05-26T21:57:33+08:00 ] 192.168.33.1 /admin/check/listall
INFO: [ app_init ] --START--
INFO: Run Behavior\BuildLiteBehavior [ RunTime:0.000014s ]
INFO: [ app_init ] --END-- [ RunTime:0.008277s ]
INFO: [ app_begin ] --START--
INFO: Run Behavior\ReadHtmlCacheBehavior [ RunTime:0.016895s ]
INFO: [ app_begin ] --END-- [ RunTime:0.016959s ]
SQL: SHOW COLUMNS FROM `task` [ RunTime:0.0007s ]
SQL: SELECT * FROM `task` WHERE ( end_time != 'null' ) ORDER BY start_time desc LIMIT 0,8   [ RunTime:0.0003s ]
SQL: SELECT * FROM `task` WHERE ( end_time != 'null' )  [ RunTime:0.0003s ]

[ 2018-05-26T21:57:33+08:00 ] 192.168.33.1 /admin/check/checking
INFO: [ app_init ] --START--
INFO: Run Behavior\BuildLiteBehavior [ RunTime:0.000028s ]
INFO: [ app_init ] --END-- [ RunTime:0.008935s ]
INFO: [ app_begin ] --START--
INFO: Run Behavior\ReadHtmlCacheBehavior [ RunTime:0.017484s ]
INFO: [ app_begin ] --END-- [ RunTime:0.017570s ]
SQL: SHOW COLUMNS FROM `checking` [ RunTime:0.0006s ]
SQL: SELECT * FROM `checking` WHERE ( id = 1 ) LIMIT 1   [ RunTime:0.0003s ]
SQL: SELECT * FROM `checking` WHERE ( id = 2 ) LIMIT 1   [ RunTime:0.0002s ]
SQL: SELECT * FROM `checking` WHERE ( id = 3 ) LIMIT 1   [ RunTime:0.0002s ]

[ 2018-05-26T21:57:34+08:00 ] 192.168.33.1 /admin/check/listall
INFO: [ app_init ] --START--
INFO: Run Behavior\BuildLiteBehavior [ RunTime:0.000014s ]
INFO: [ app_init ] --END-- [ RunTime:0.007018s ]
INFO: [ app_begin ] --START--
INFO: Run Behavior\ReadHtmlCacheBehavior [ RunTime:0.015866s ]
INFO: [ app_begin ] --END-- [ RunTime:0.015924s ]
SQL: SHOW COLUMNS FROM `task` [ RunTime:0.0006s ]
SQL: SELECT * FROM `task` WHERE ( end_time != 'null' ) ORDER BY start_time desc LIMIT 0,8   [ RunTime:0.0002s ]
SQL: SELECT * FROM `task` WHERE ( end_time != 'null' )  [ RunTime:0.0002s ]

[ 2018-05-26T21:57:46+08:00 ] 192.168.33.1 /admin/check/checking
INFO: [ app_init ] --START--
INFO: Run Behavior\BuildLiteBehavior [ RunTime:0.000014s ]
INFO: [ app_init ] --END-- [ RunTime:0.007876s ]
INFO: [ app_begin ] --START--
INFO: Run Behavior\ReadHtmlCacheBehavior [ RunTime:0.016713s ]
INFO: [ app_begin ] --END-- [ RunTime:0.016786s ]
SQL: SHOW COLUMNS FROM `checking` [ RunTime:0.0006s ]
SQL: SELECT * FROM `checking` WHERE ( id = 1 ) LIMIT 1   [ RunTime:0.0003s ]
SQL: SELECT * FROM `checking` WHERE ( id = 2 ) LIMIT 1   [ RunTime:0.0002s ]
SQL: SELECT * FROM `checking` WHERE ( id = 3 ) LIMIT 1   [ RunTime:0.0002s ]

[ 2018-05-26T21:57:47+08:00 ] 192.168.33.1 /admin/check/listall
INFO: [ app_init ] --START--
INFO: Run Behavior\BuildLiteBehavior [ RunTime:0.000016s ]
INFO: [ app_init ] --END-- [ RunTime:0.007204s ]
INFO: [ app_begin ] --START--
INFO: Run Behavior\ReadHtmlCacheBehavior [ RunTime:0.017998s ]
INFO: [ app_begin ] --END-- [ RunTime:0.018057s ]
SQL: SHOW COLUMNS FROM `task` [ RunTime:0.0006s ]
SQL: SELECT * FROM `task` WHERE ( end_time != 'null' ) ORDER BY start_time desc LIMIT 0,8   [ RunTime:0.0003s ]
SQL: SELECT * FROM `task` WHERE ( end_time != 'null' )  [ RunTime:0.0002s ]

[ 2018-05-26T21:58:02+08:00 ] 192.168.33.1 /admin/check/checking
INFO: [ app_init ] --START--
INFO: Run Behavior\BuildLiteBehavior [ RunTime:0.000032s ]
INFO: [ app_init ] --END-- [ RunTime:0.007108s ]
INFO: [ app_begin ] --START--
INFO: Run Behavior\ReadHtmlCacheBehavior [ RunTime:0.017941s ]
INFO: [ app_begin ] --END-- [ RunTime:0.018009s ]
SQL: SHOW COLUMNS FROM `checking` [ RunTime:0.0007s ]
SQL: SELECT * FROM `checking` WHERE ( id = 1 ) LIMIT 1   [ RunTime:0.0002s ]
SQL: SELECT * FROM `checking` WHERE ( id = 2 ) LIMIT 1   [ RunTime:0.0002s ]
SQL: SELECT * FROM `checking` WHERE ( id = 3 ) LIMIT 1   [ RunTime:0.0002s ]

[ 2018-05-26T21:58:03+08:00 ] 192.168.33.1 /admin/check/listall
INFO: [ app_init ] --START--
INFO: Run Behavior\BuildLiteBehavior [ RunTime:0.000014s ]
INFO: [ app_init ] --END-- [ RunTime:0.008558s ]
INFO: [ app_begin ] --START--
INFO: Run Behavior\ReadHtmlCacheBehavior [ RunTime:0.017855s ]
INFO: [ app_begin ] --END-- [ RunTime:0.017924s ]
SQL: SHOW COLUMNS FROM `task` [ RunTime:0.0009s ]
SQL: SELECT * FROM `task` WHERE ( end_time != 'null' ) ORDER BY start_time desc LIMIT 0,8   [ RunTime:0.0005s ]
SQL: SELECT * FROM `task` WHERE ( end_time != 'null' )  [ RunTime:0.0004s ]

[ 2018-05-26T21:58:03+08:00 ] 192.168.33.1 /admin/check/checking
INFO: [ app_init ] --START--
INFO: Run Behavior\BuildLiteBehavior [ RunTime:0.000014s ]
INFO: [ app_init ] --END-- [ RunTime:0.007428s ]
INFO: [ app_begin ] --START--
INFO: Run Behavior\ReadHtmlCacheBehavior [ RunTime:0.015590s ]
INFO: [ app_begin ] --END-- [ RunTime:0.015646s ]
SQL: SHOW COLUMNS FROM `checking` [ RunTime:0.0006s ]
SQL: SELECT * FROM `checking` WHERE ( id = 1 ) LIMIT 1   [ RunTime:0.0003s ]
SQL: SELECT * FROM `checking` WHERE ( id = 2 ) LIMIT 1   [ RunTime:0.0002s ]
SQL: SELECT * FROM `checking` WHERE ( id = 3 ) LIMIT 1   [ RunTime:0.0002s ]

[ 2018-05-26T21:58:04+08:00 ] 192.168.33.1 /admin/check/listall
INFO: [ app_init ] --START--
INFO: Run Behavior\BuildLiteBehavior [ RunTime:0.000013s ]
INFO: [ app_init ] --END-- [ RunTime:0.008812s ]
INFO: [ app_begin ] --START--
INFO: Run Behavior\ReadHtmlCacheBehavior [ RunTime:0.016194s ]
INFO: [ app_begin ] --END-- [ RunTime:0.016248s ]
SQL: SHOW COLUMNS FROM `task` [ RunTime:0.0007s ]
SQL: SELECT * FROM `task` WHERE ( end_time != 'null' ) ORDER BY start_time desc LIMIT 0,8   [ RunTime:0.0002s ]
SQL: SELECT * FROM `task` WHERE ( end_time != 'null' )  [ RunTime:0.0004s ]

[ 2018-05-26T21:58:16+08:00 ] 192.168.33.1 /admin/check/checking
INFO: [ app_init ] --START--
INFO: Run Behavior\BuildLiteBehavior [ RunTime:0.000014s ]
INFO: [ app_init ] --END-- [ RunTime:0.007204s ]
INFO: [ app_begin ] --START--
INFO: Run Behavior\ReadHtmlCacheBehavior [ RunTime:0.015290s ]
INFO: [ app_begin ] --END-- [ RunTime:0.015347s ]
SQL: SHOW COLUMNS FROM `checking` [ RunTime:0.0006s ]
SQL: SELECT * FROM `checking` WHERE ( id = 1 ) LIMIT 1   [ RunTime:0.0003s ]
SQL: SELECT * FROM `checking` WHERE ( id = 2 ) LIMIT 1   [ RunTime:0.0002s ]
SQL: SELECT * FROM `checking` WHERE ( id = 3 ) LIMIT 1   [ RunTime:0.0002s ]

[ 2018-05-26T21:58:17+08:00 ] 192.168.33.1 /admin/check/listall
INFO: [ app_init ] --START--
INFO: Run Behavior\BuildLiteBehavior [ RunTime:0.000014s ]
INFO: [ app_init ] --END-- [ RunTime:0.007956s ]
INFO: [ app_begin ] --START--
INFO: Run Behavior\ReadHtmlCacheBehavior [ RunTime:0.017349s ]
INFO: [ app_begin ] --END-- [ RunTime:0.017411s ]
SQL: SHOW COLUMNS FROM `task` [ RunTime:0.0008s ]
SQL: SELECT * FROM `task` WHERE ( end_time != 'null' ) ORDER BY start_time desc LIMIT 0,8   [ RunTime:0.0002s ]
SQL: SELECT * FROM `task` WHERE ( end_time != 'null' )  [ RunTime:0.0002s ]

[ 2018-05-26T21:58:32+08:00 ] 192.168.33.1 /admin/check/checking
INFO: [ app_init ] --START--
INFO: Run Behavior\BuildLiteBehavior [ RunTime:0.000014s ]
INFO: [ app_init ] --END-- [ RunTime:0.007858s ]
INFO: [ app_begin ] --START--
INFO: Run Behavior\ReadHtmlCacheBehavior [ RunTime:0.017719s ]
INFO: [ app_begin ] --END-- [ RunTime:0.017801s ]
SQL: SHOW COLUMNS FROM `checking` [ RunTime:0.0006s ]
SQL: SELECT * FROM `checking` WHERE ( id = 1 ) LIMIT 1   [ RunTime:0.0002s ]
SQL: SELECT * FROM `checking` WHERE ( id = 2 ) LIMIT 1   [ RunTime:0.0002s ]
SQL: SELECT * FROM `checking` WHERE ( id = 3 ) LIMIT 1   [ RunTime:0.0002s ]

[ 2018-05-26T21:58:33+08:00 ] 192.168.33.1 /admin/check/listall
INFO: [ app_init ] --START--
INFO: Run Behavior\BuildLiteBehavior [ RunTime:0.000014s ]
INFO: [ app_init ] --END-- [ RunTime:0.008044s ]
INFO: [ app_begin ] --START--
INFO: Run Behavior\ReadHtmlCacheBehavior [ RunTime:0.015981s ]
INFO: [ app_begin ] --END-- [ RunTime:0.016042s ]
SQL: SHOW COLUMNS FROM `task` [ RunTime:0.0010s ]
SQL: SELECT * FROM `task` WHERE ( end_time != 'null' ) ORDER BY start_time desc LIMIT 0,8   [ RunTime:0.0004s ]
SQL: SELECT * FROM `task` WHERE ( end_time != 'null' )  [ RunTime:0.0002s ]

[ 2018-05-26T21:58:33+08:00 ] 192.168.33.1 /admin/check/checking
INFO: [ app_init ] --START--
INFO: Run Behavior\BuildLiteBehavior [ RunTime:0.000015s ]
INFO: [ app_init ] --END-- [ RunTime:0.008185s ]
INFO: [ app_begin ] --START--
INFO: Run Behavior\ReadHtmlCacheBehavior [ RunTime:0.015607s ]
INFO: [ app_begin ] --END-- [ RunTime:0.015690s ]
SQL: SHOW COLUMNS FROM `checking` [ RunTime:0.0006s ]
SQL: SELECT * FROM `checking` WHERE ( id = 1 ) LIMIT 1   [ RunTime:0.0002s ]
SQL: SELECT * FROM `checking` WHERE ( id = 2 ) LIMIT 1   [ RunTime:0.0003s ]
SQL: SELECT * FROM `checking` WHERE ( id = 3 ) LIMIT 1   [ RunTime:0.0002s ]

[ 2018-05-26T21:58:34+08:00 ] 192.168.33.1 /admin/check/listall
INFO: [ app_init ] --START--
INFO: Run Behavior\BuildLiteBehavior [ RunTime:0.000028s ]
INFO: [ app_init ] --END-- [ RunTime:0.007896s ]
INFO: [ app_begin ] --START--
INFO: Run Behavior\ReadHtmlCacheBehavior [ RunTime:0.017773s ]
INFO: [ app_begin ] --END-- [ RunTime:0.017830s ]
SQL: SHOW COLUMNS FROM `task` [ RunTime:0.0006s ]
SQL: SELECT * FROM `task` WHERE ( end_time != 'null' ) ORDER BY start_time desc LIMIT 0,8   [ RunTime:0.0005s ]
SQL: SELECT * FROM `task` WHERE ( end_time != 'null' )  [ RunTime:0.0004s ]

[ 2018-05-26T21:58:46+08:00 ] 192.168.33.1 /admin/check/checking
INFO: [ app_init ] --START--
INFO: Run Behavior\BuildLiteBehavior [ RunTime:0.000013s ]
INFO: [ app_init ] --END-- [ RunTime:0.007585s ]
INFO: [ app_begin ] --START--
INFO: Run Behavior\ReadHtmlCacheBehavior [ RunTime:0.016016s ]
INFO: [ app_begin ] --END-- [ RunTime:0.016073s ]
SQL: SHOW COLUMNS FROM `checking` [ RunTime:0.0006s ]
SQL: SELECT * FROM `checking` WHERE ( id = 1 ) LIMIT 1   [ RunTime:0.0002s ]
SQL: SELECT * FROM `checking` WHERE ( id = 2 ) LIMIT 1   [ RunTime:0.0002s ]
SQL: SELECT * FROM `checking` WHERE ( id = 3 ) LIMIT 1   [ RunTime:0.0002s ]

[ 2018-05-26T21:58:47+08:00 ] 192.168.33.1 /admin/check/listall
INFO: [ app_init ] --START--
INFO: Run Behavior\BuildLiteBehavior [ RunTime:0.000014s ]
INFO: [ app_init ] --END-- [ RunTime:0.008223s ]
INFO: [ app_begin ] --START--
INFO: Run Behavior\ReadHtmlCacheBehavior [ RunTime:0.018943s ]
INFO: [ app_begin ] --END-- [ RunTime:0.019003s ]
SQL: SHOW COLUMNS FROM `task` [ RunTime:0.0007s ]
SQL: SELECT * FROM `task` WHERE ( end_time != 'null' ) ORDER BY start_time desc LIMIT 0,8   [ RunTime:0.0002s ]
SQL: SELECT * FROM `task` WHERE ( end_time != 'null' )  [ RunTime:0.0002s ]

[ 2018-05-26T21:59:02+08:00 ] 192.168.33.1 /admin/check/checking
INFO: [ app_init ] --START--
INFO: Run Behavior\BuildLiteBehavior [ RunTime:0.000014s ]
INFO: [ app_init ] --END-- [ RunTime:0.007696s ]
INFO: [ app_begin ] --START--
INFO: Run Behavior\ReadHtmlCacheBehavior [ RunTime:0.015984s ]
INFO: [ app_begin ] --END-- [ RunTime:0.016040s ]
SQL: SHOW COLUMNS FROM `checking` [ RunTime:0.0006s ]
SQL: SELECT * FROM `checking` WHERE ( id = 1 ) LIMIT 1   [ RunTime:0.0002s ]
SQL: SELECT * FROM `checking` WHERE ( id = 2 ) LIMIT 1   [ RunTime:0.0003s ]
SQL: SELECT * FROM `checking` WHERE ( id = 3 ) LIMIT 1   [ RunTime:0.0002s ]

[ 2018-05-26T21:59:03+08:00 ] 192.168.33.1 /admin/check/listall
INFO: [ app_init ] --START--
INFO: Run Behavior\BuildLiteBehavior [ RunTime:0.000015s ]
INFO: [ app_init ] --END-- [ RunTime:0.009103s ]
INFO: [ app_begin ] --START--
INFO: Run Behavior\ReadHtmlCacheBehavior [ RunTime:0.017955s ]
INFO: [ app_begin ] --END-- [ RunTime:0.018058s ]
SQL: SHOW COLUMNS FROM `task` [ RunTime:0.0009s ]
SQL: SELECT * FROM `task` WHERE ( end_time != 'null' ) ORDER BY start_time desc LIMIT 0,8   [ RunTime:0.0003s ]
SQL: SELECT * FROM `task` WHERE ( end_time != 'null' )  [ RunTime:0.0002s ]

[ 2018-05-26T21:59:03+08:00 ] 192.168.33.1 /admin/check/checking
INFO: [ app_init ] --START--
INFO: Run Behavior\BuildLiteBehavior [ RunTime:0.000043s ]
INFO: [ app_init ] --END-- [ RunTime:0.007397s ]
INFO: [ app_begin ] --START--
INFO: Run Behavior\ReadHtmlCacheBehavior [ RunTime:0.014897s ]
INFO: [ app_begin ] --END-- [ RunTime:0.014981s ]
SQL: SHOW COLUMNS FROM `checking` [ RunTime:0.0006s ]
SQL: SELECT * FROM `checking` WHERE ( id = 1 ) LIMIT 1   [ RunTime:0.0002s ]
SQL: SELECT * FROM `checking` WHERE ( id = 2 ) LIMIT 1   [ RunTime:0.0002s ]
SQL: SELECT * FROM `checking` WHERE ( id = 3 ) LIMIT 1   [ RunTime:0.0002s ]

[ 2018-05-26T21:59:04+08:00 ] 192.168.33.1 /admin/check/listall
INFO: [ app_init ] --START--
INFO: Run Behavior\BuildLiteBehavior [ RunTime:0.000014s ]
INFO: [ app_init ] --END-- [ RunTime:0.007396s ]
INFO: [ app_begin ] --START--
INFO: Run Behavior\ReadHtmlCacheBehavior [ RunTime:0.016051s ]
INFO: [ app_begin ] --END-- [ RunTime:0.016113s ]
SQL: SHOW COLUMNS FROM `task` [ RunTime:0.0007s ]
SQL: SELECT * FROM `task` WHERE ( end_time != 'null' ) ORDER BY start_time desc LIMIT 0,8   [ RunTime:0.0002s ]
SQL: SELECT * FROM `task` WHERE ( end_time != 'null' )  [ RunTime:0.0002s ]

[ 2018-05-26T21:59:16+08:00 ] 192.168.33.1 /admin/check/checking
INFO: [ app_init ] --START--
INFO: Run Behavior\BuildLiteBehavior [ RunTime:0.000014s ]
INFO: [ app_init ] --END-- [ RunTime:0.008690s ]
INFO: [ app_begin ] --START--
INFO: Run Behavior\ReadHtmlCacheBehavior [ RunTime:0.017294s ]
INFO: [ app_begin ] --END-- [ RunTime:0.017349s ]
SQL: SHOW COLUMNS FROM `checking` [ RunTime:0.0007s ]
SQL: SELECT * FROM `checking` WHERE ( id = 1 ) LIMIT 1   [ RunTime:0.0002s ]
SQL: SELECT * FROM `checking` WHERE ( id = 2 ) LIMIT 1   [ RunTime:0.0002s ]
SQL: SELECT * FROM `checking` WHERE ( id = 3 ) LIMIT 1   [ RunTime:0.0003s ]

[ 2018-05-26T21:59:17+08:00 ] 192.168.33.1 /admin/check/listall
INFO: [ app_init ] --START--
INFO: Run Behavior\BuildLiteBehavior [ RunTime:0.000015s ]
INFO: [ app_init ] --END-- [ RunTime:0.006908s ]
INFO: [ app_begin ] --START--
INFO: Run Behavior\ReadHtmlCacheBehavior [ RunTime:0.016409s ]
INFO: [ app_begin ] --END-- [ RunTime:0.016469s ]
SQL: SHOW COLUMNS FROM `task` [ RunTime:0.0006s ]
SQL: SELECT * FROM `task` WHERE ( end_time != 'null' ) ORDER BY start_time desc LIMIT 0,8   [ RunTime:0.0002s ]
SQL: SELECT * FROM `task` WHERE ( end_time != 'null' )  [ RunTime:0.0002s ]

[ 2018-05-26T21:59:32+08:00 ] 192.168.33.1 /admin/check/checking
INFO: [ app_init ] --START--
INFO: Run Behavior\BuildLiteBehavior [ RunTime:0.000014s ]
INFO: [ app_init ] --END-- [ RunTime:0.007875s ]
INFO: [ app_begin ] --START--
INFO: Run Behavior\ReadHtmlCacheBehavior [ RunTime:0.017063s ]
INFO: [ app_begin ] --END-- [ RunTime:0.017151s ]
SQL: SHOW COLUMNS FROM `checking` [ RunTime:0.0007s ]
SQL: SELECT * FROM `checking` WHERE ( id = 1 ) LIMIT 1   [ RunTime:0.0002s ]
SQL: SELECT * FROM `checking` WHERE ( id = 2 ) LIMIT 1   [ RunTime:0.0002s ]
SQL: SELECT * FROM `checking` WHERE ( id = 3 ) LIMIT 1   [ RunTime:0.0003s ]

[ 2018-05-26T21:59:33+08:00 ] 192.168.33.1 /admin/check/listall
INFO: [ app_init ] --START--
INFO: Run Behavior\BuildLiteBehavior [ RunTime:0.000015s ]
INFO: [ app_init ] --END-- [ RunTime:0.008036s ]
INFO: [ app_begin ] --START--
INFO: Run Behavior\ReadHtmlCacheBehavior [ RunTime:0.014642s ]
INFO: [ app_begin ] --END-- [ RunTime:0.014729s ]
SQL: SHOW COLUMNS FROM `task` [ RunTime:0.0011s ]
SQL: SELECT * FROM `task` WHERE ( end_time != 'null' ) ORDER BY start_time desc LIMIT 0,8   [ RunTime:0.0006s ]
SQL: SELECT * FROM `task` WHERE ( end_time != 'null' )  [ RunTime:0.0003s ]

[ 2018-05-26T21:59:33+08:00 ] 192.168.33.1 /admin/check/checking
INFO: [ app_init ] --START--
INFO: Run Behavior\BuildLiteBehavior [ RunTime:0.000014s ]
INFO: [ app_init ] --END-- [ RunTime:0.007238s ]
INFO: [ app_begin ] --START--
INFO: Run Behavior\ReadHtmlCacheBehavior [ RunTime:0.015441s ]
INFO: [ app_begin ] --END-- [ RunTime:0.015556s ]
SQL: SHOW COLUMNS FROM `checking` [ RunTime:0.0007s ]
SQL: SELECT * FROM `checking` WHERE ( id = 1 ) LIMIT 1   [ RunTime:0.0002s ]
SQL: SELECT * FROM `checking` WHERE ( id = 2 ) LIMIT 1   [ RunTime:0.0002s ]
SQL: SELECT * FROM `checking` WHERE ( id = 3 ) LIMIT 1   [ RunTime:0.0002s ]

[ 2018-05-26T21:59:34+08:00 ] 192.168.33.1 /admin/check/listall
INFO: [ app_init ] --START--
INFO: Run Behavior\BuildLiteBehavior [ RunTime:0.000014s ]
INFO: [ app_init ] --END-- [ RunTime:0.007495s ]
INFO: [ app_begin ] --START--
INFO: Run Behavior\ReadHtmlCacheBehavior [ RunTime:0.016055s ]
INFO: [ app_begin ] --END-- [ RunTime:0.016109s ]
SQL: SHOW COLUMNS FROM `task` [ RunTime:0.0007s ]
SQL: SELECT * FROM `task` WHERE ( end_time != 'null' ) ORDER BY start_time desc LIMIT 0,8   [ RunTime:0.0002s ]
SQL: SELECT * FROM `task` WHERE ( end_time != 'null' )  [ RunTime:0.0002s ]

[ 2018-05-26T21:59:46+08:00 ] 192.168.33.1 /admin/check/checking
INFO: [ app_init ] --START--
INFO: Run Behavior\BuildLiteBehavior [ RunTime:0.000017s ]
INFO: [ app_init ] --END-- [ RunTime:0.007537s ]
INFO: [ app_begin ] --START--
INFO: Run Behavior\ReadHtmlCacheBehavior [ RunTime:0.017972s ]
INFO: [ app_begin ] --END-- [ RunTime:0.018035s ]
SQL: SHOW COLUMNS FROM `checking` [ RunTime:0.0016s ]
SQL: SELECT * FROM `checking` WHERE ( id = 1 ) LIMIT 1   [ RunTime:0.0002s ]
SQL: SELECT * FROM `checking` WHERE ( id = 2 ) LIMIT 1   [ RunTime:0.0003s ]
SQL: SELECT * FROM `checking` WHERE ( id = 3 ) LIMIT 1   [ RunTime:0.0002s ]

[ 2018-05-26T21:59:47+08:00 ] 192.168.33.1 /admin/check/listall
INFO: [ app_init ] --START--
INFO: Run Behavior\BuildLiteBehavior [ RunTime:0.000014s ]
INFO: [ app_init ] --END-- [ RunTime:0.007343s ]
INFO: [ app_begin ] --START--
INFO: Run Behavior\ReadHtmlCacheBehavior [ RunTime:0.016063s ]
INFO: [ app_begin ] --END-- [ RunTime:0.016168s ]
SQL: SHOW COLUMNS FROM `task` [ RunTime:0.0006s ]
SQL: SELECT * FROM `task` WHERE ( end_time != 'null' ) ORDER BY start_time desc LIMIT 0,8   [ RunTime:0.0002s ]
SQL: SELECT * FROM `task` WHERE ( end_time != 'null' )  [ RunTime:0.0002s ]

[ 2018-05-26T22:00:02+08:00 ] 192.168.33.1 /admin/check/checking
INFO: [ app_init ] --START--
INFO: Run Behavior\BuildLiteBehavior [ RunTime:0.000013s ]
INFO: [ app_init ] --END-- [ RunTime:0.005989s ]
INFO: [ app_begin ] --START--
INFO: Run Behavior\ReadHtmlCacheBehavior [ RunTime:0.016026s ]
INFO: [ app_begin ] --END-- [ RunTime:0.016079s ]
SQL: SHOW COLUMNS FROM `checking` [ RunTime:0.0006s ]
SQL: SELECT * FROM `checking` WHERE ( id = 1 ) LIMIT 1   [ RunTime:0.0003s ]
SQL: SELECT * FROM `checking` WHERE ( id = 2 ) LIMIT 1   [ RunTime:0.0002s ]
SQL: SELECT * FROM `checking` WHERE ( id = 3 ) LIMIT 1   [ RunTime:0.0002s ]

[ 2018-05-26T22:00:03+08:00 ] 192.168.33.1 /admin/check/listall
INFO: [ app_init ] --START--
INFO: Run Behavior\BuildLiteBehavior [ RunTime:0.000015s ]
INFO: [ app_init ] --END-- [ RunTime:0.008025s ]
INFO: [ app_begin ] --START--
INFO: Run Behavior\ReadHtmlCacheBehavior [ RunTime:0.013595s ]
INFO: [ app_begin ] --END-- [ RunTime:0.013665s ]
SQL: SHOW COLUMNS FROM `task` [ RunTime:0.0009s ]
SQL: SELECT * FROM `task` WHERE ( end_time != 'null' ) ORDER BY start_time desc LIMIT 0,8   [ RunTime:0.0004s ]
SQL: SELECT * FROM `task` WHERE ( end_time != 'null' )  [ RunTime:0.0003s ]

[ 2018-05-26T22:00:03+08:00 ] 192.168.33.1 /admin/check/checking
INFO: [ app_init ] --START--
INFO: Run Behavior\BuildLiteBehavior [ RunTime:0.000015s ]
INFO: [ app_init ] --END-- [ RunTime:0.006648s ]
INFO: [ app_begin ] --START--
INFO: Run Behavior\ReadHtmlCacheBehavior [ RunTime:0.014918s ]
INFO: [ app_begin ] --END-- [ RunTime:0.015007s ]
SQL: SHOW COLUMNS FROM `checking` [ RunTime:0.0006s ]
SQL: SELECT * FROM `checking` WHERE ( id = 1 ) LIMIT 1   [ RunTime:0.0002s ]
SQL: SELECT * FROM `checking` WHERE ( id = 2 ) LIMIT 1   [ RunTime:0.0002s ]
SQL: SELECT * FROM `checking` WHERE ( id = 3 ) LIMIT 1   [ RunTime:0.0002s ]

[ 2018-05-26T22:00:04+08:00 ] 192.168.33.1 /admin/check/listall
INFO: [ app_init ] --START--
INFO: Run Behavior\BuildLiteBehavior [ RunTime:0.000014s ]
INFO: [ app_init ] --END-- [ RunTime:0.008090s ]
INFO: [ app_begin ] --START--
INFO: Run Behavior\ReadHtmlCacheBehavior [ RunTime:0.015797s ]
INFO: [ app_begin ] --END-- [ RunTime:0.015854s ]
SQL: SHOW COLUMNS FROM `task` [ RunTime:0.0006s ]
SQL: SELECT * FROM `task` WHERE ( end_time != 'null' ) ORDER BY start_time desc LIMIT 0,8   [ RunTime:0.0003s ]
SQL: SELECT * FROM `task` WHERE ( end_time != 'null' )  [ RunTime:0.0002s ]

[ 2018-05-26T22:00:16+08:00 ] 192.168.33.1 /admin/check/checking
INFO: [ app_init ] --START--
INFO: Run Behavior\BuildLiteBehavior [ RunTime:0.000014s ]
INFO: [ app_init ] --END-- [ RunTime:0.008602s ]
INFO: [ app_begin ] --START--
INFO: Run Behavior\ReadHtmlCacheBehavior [ RunTime:0.016259s ]
INFO: [ app_begin ] --END-- [ RunTime:0.016331s ]
SQL: SHOW COLUMNS FROM `checking` [ RunTime:0.0006s ]
SQL: SELECT * FROM `checking` WHERE ( id = 1 ) LIMIT 1   [ RunTime:0.0002s ]
SQL: SELECT * FROM `checking` WHERE ( id = 2 ) LIMIT 1   [ RunTime:0.0003s ]
SQL: SELECT * FROM `checking` WHERE ( id = 3 ) LIMIT 1   [ RunTime:0.0002s ]

[ 2018-05-26T22:00:17+08:00 ] 192.168.33.1 /admin/check/listall
INFO: [ app_init ] --START--
INFO: Run Behavior\BuildLiteBehavior [ RunTime:0.000014s ]
INFO: [ app_init ] --END-- [ RunTime:0.008561s ]
INFO: [ app_begin ] --START--
INFO: Run Behavior\ReadHtmlCacheBehavior [ RunTime:0.017070s ]
INFO: [ app_begin ] --END-- [ RunTime:0.017215s ]
SQL: SHOW COLUMNS FROM `task` [ RunTime:0.0006s ]
SQL: SELECT * FROM `task` WHERE ( end_time != 'null' ) ORDER BY start_time desc LIMIT 0,8   [ RunTime:0.0002s ]
SQL: SELECT * FROM `task` WHERE ( end_time != 'null' )  [ RunTime:0.0002s ]

[ 2018-05-26T22:00:32+08:00 ] 192.168.33.1 /admin/check/checking
INFO: [ app_init ] --START--
INFO: Run Behavior\BuildLiteBehavior [ RunTime:0.000033s ]
INFO: [ app_init ] --END-- [ RunTime:0.007607s ]
INFO: [ app_begin ] --START--
INFO: Run Behavior\ReadHtmlCacheBehavior [ RunTime:0.014779s ]
INFO: [ app_begin ] --END-- [ RunTime:0.014833s ]
SQL: SHOW COLUMNS FROM `checking` [ RunTime:0.0006s ]
SQL: SELECT * FROM `checking` WHERE ( id = 1 ) LIMIT 1   [ RunTime:0.0002s ]
SQL: SELECT * FROM `checking` WHERE ( id = 2 ) LIMIT 1   [ RunTime:0.0002s ]
SQL: SELECT * FROM `checking` WHERE ( id = 3 ) LIMIT 1   [ RunTime:0.0002s ]

[ 2018-05-26T22:00:33+08:00 ] 192.168.33.1 /admin/check/listall
INFO: [ app_init ] --START--
INFO: Run Behavior\BuildLiteBehavior [ RunTime:0.000015s ]
INFO: [ app_init ] --END-- [ RunTime:0.008575s ]
INFO: [ app_begin ] --START--
INFO: Run Behavior\ReadHtmlCacheBehavior [ RunTime:0.016327s ]
INFO: [ app_begin ] --END-- [ RunTime:0.016392s ]
SQL: SHOW COLUMNS FROM `task` [ RunTime:0.0009s ]
SQL: SELECT * FROM `task` WHERE ( end_time != 'null' ) ORDER BY start_time desc LIMIT 0,8   [ RunTime:0.0004s ]
SQL: SELECT * FROM `task` WHERE ( end_time != 'null' )  [ RunTime:0.0003s ]

[ 2018-05-26T22:00:33+08:00 ] 192.168.33.1 /admin/check/checking
INFO: [ app_init ] --START--
INFO: Run Behavior\BuildLiteBehavior [ RunTime:0.000015s ]
INFO: [ app_init ] --END-- [ RunTime:0.009521s ]
INFO: [ app_begin ] --START--
INFO: Run Behavior\ReadHtmlCacheBehavior [ RunTime:0.017662s ]
INFO: [ app_begin ] --END-- [ RunTime:0.017718s ]
SQL: SHOW COLUMNS FROM `checking` [ RunTime:0.0007s ]
SQL: SELECT * FROM `checking` WHERE ( id = 1 ) LIMIT 1   [ RunTime:0.0002s ]
SQL: SELECT * FROM `checking` WHERE ( id = 2 ) LIMIT 1   [ RunTime:0.0002s ]
SQL: SELECT * FROM `checking` WHERE ( id = 3 ) LIMIT 1   [ RunTime:0.0002s ]

[ 2018-05-26T22:00:34+08:00 ] 192.168.33.1 /admin/check/listall
INFO: [ app_init ] --START--
INFO: Run Behavior\BuildLiteBehavior [ RunTime:0.000014s ]
INFO: [ app_init ] --END-- [ RunTime:0.009752s ]
INFO: [ app_begin ] --START--
INFO: Run Behavior\ReadHtmlCacheBehavior [ RunTime:0.017382s ]
INFO: [ app_begin ] --END-- [ RunTime:0.017440s ]
SQL: SHOW COLUMNS FROM `task` [ RunTime:0.0006s ]
SQL: SELECT * FROM `task` WHERE ( end_time != 'null' ) ORDER BY start_time desc LIMIT 0,8   [ RunTime:0.0002s ]
SQL: SELECT * FROM `task` WHERE ( end_time != 'null' )  [ RunTime:0.0002s ]

[ 2018-05-26T22:00:46+08:00 ] 192.168.33.1 /admin/check/checking
INFO: [ app_init ] --START--
INFO: Run Behavior\BuildLiteBehavior [ RunTime:0.000014s ]
INFO: [ app_init ] --END-- [ RunTime:0.007857s ]
INFO: [ app_begin ] --START--
INFO: Run Behavior\ReadHtmlCacheBehavior [ RunTime:0.015359s ]
INFO: [ app_begin ] --END-- [ RunTime:0.015414s ]
SQL: SHOW COLUMNS FROM `checking` [ RunTime:0.0007s ]
SQL: SELECT * FROM `checking` WHERE ( id = 1 ) LIMIT 1   [ RunTime:0.0002s ]
SQL: SELECT * FROM `checking` WHERE ( id = 2 ) LIMIT 1   [ RunTime:0.0002s ]
SQL: SELECT * FROM `checking` WHERE ( id = 3 ) LIMIT 1   [ RunTime:0.0002s ]

[ 2018-05-26T22:00:47+08:00 ] 192.168.33.1 /admin/check/listall
INFO: [ app_init ] --START--
INFO: Run Behavior\BuildLiteBehavior [ RunTime:0.000014s ]
INFO: [ app_init ] --END-- [ RunTime:0.007706s ]
INFO: [ app_begin ] --START--
INFO: Run Behavior\ReadHtmlCacheBehavior [ RunTime:0.017259s ]
INFO: [ app_begin ] --END-- [ RunTime:0.017318s ]
SQL: SHOW COLUMNS FROM `task` [ RunTime:0.0006s ]
SQL: SELECT * FROM `task` WHERE ( end_time != 'null' ) ORDER BY start_time desc LIMIT 0,8   [ RunTime:0.0002s ]
SQL: SELECT * FROM `task` WHERE ( end_time != 'null' )  [ RunTime:0.0002s ]

[ 2018-05-26T22:01:02+08:00 ] 192.168.33.1 /admin/check/checking
INFO: [ app_init ] --START--
INFO: Run Behavior\BuildLiteBehavior [ RunTime:0.000014s ]
INFO: [ app_init ] --END-- [ RunTime:0.007081s ]
INFO: [ app_begin ] --START--
INFO: Run Behavior\ReadHtmlCacheBehavior [ RunTime:0.015696s ]
INFO: [ app_begin ] --END-- [ RunTime:0.015784s ]
SQL: SHOW COLUMNS FROM `checking` [ RunTime:0.0005s ]
SQL: SELECT * FROM `checking` WHERE ( id = 1 ) LIMIT 1   [ RunTime:0.0002s ]
SQL: SELECT * FROM `checking` WHERE ( id = 2 ) LIMIT 1   [ RunTime:0.0002s ]
SQL: SELECT * FROM `checking` WHERE ( id = 3 ) LIMIT 1   [ RunTime:0.0002s ]

[ 2018-05-26T22:01:03+08:00 ] 192.168.33.1 /admin/check/listall
INFO: [ app_init ] --START--
INFO: Run Behavior\BuildLiteBehavior [ RunTime:0.000014s ]
INFO: [ app_init ] --END-- [ RunTime:0.007908s ]
INFO: [ app_begin ] --START--
INFO: Run Behavior\ReadHtmlCacheBehavior [ RunTime:0.017006s ]
INFO: [ app_begin ] --END-- [ RunTime:0.017093s ]
SQL: SHOW COLUMNS FROM `task` [ RunTime:0.0008s ]
SQL: SELECT * FROM `task` WHERE ( end_time != 'null' ) ORDER BY start_time desc LIMIT 0,8   [ RunTime:0.0003s ]
SQL: SELECT * FROM `task` WHERE ( end_time != 'null' )  [ RunTime:0.0002s ]

[ 2018-05-26T22:01:03+08:00 ] 192.168.33.1 /admin/check/checking
INFO: [ app_init ] --START--
INFO: Run Behavior\BuildLiteBehavior [ RunTime:0.000015s ]
INFO: [ app_init ] --END-- [ RunTime:0.007308s ]
INFO: [ app_begin ] --START--
INFO: Run Behavior\ReadHtmlCacheBehavior [ RunTime:0.015290s ]
INFO: [ app_begin ] --END-- [ RunTime:0.015391s ]
SQL: SHOW COLUMNS FROM `checking` [ RunTime:0.0006s ]
SQL: SELECT * FROM `checking` WHERE ( id = 1 ) LIMIT 1   [ RunTime:0.0002s ]
SQL: SELECT * FROM `checking` WHERE ( id = 2 ) LIMIT 1   [ RunTime:0.0002s ]
SQL: SELECT * FROM `checking` WHERE ( id = 3 ) LIMIT 1   [ RunTime:0.0002s ]

[ 2018-05-26T22:01:04+08:00 ] 192.168.33.1 /admin/check/listall
INFO: [ app_init ] --START--
INFO: Run Behavior\BuildLiteBehavior [ RunTime:0.000015s ]
INFO: [ app_init ] --END-- [ RunTime:0.007104s ]
INFO: [ app_begin ] --START--
INFO: Run Behavior\ReadHtmlCacheBehavior [ RunTime:0.018204s ]
INFO: [ app_begin ] --END-- [ RunTime:0.018262s ]
SQL: SHOW COLUMNS FROM `task` [ RunTime:0.0006s ]
SQL: SELECT * FROM `task` WHERE ( end_time != 'null' ) ORDER BY start_time desc LIMIT 0,8   [ RunTime:0.0002s ]
SQL: SELECT * FROM `task` WHERE ( end_time != 'null' )  [ RunTime:0.0002s ]

[ 2018-05-26T22:01:16+08:00 ] 192.168.33.1 /admin/check/checking
INFO: [ app_init ] --START--
INFO: Run Behavior\BuildLiteBehavior [ RunTime:0.000014s ]
INFO: [ app_init ] --END-- [ RunTime:0.008777s ]
INFO: [ app_begin ] --START--
INFO: Run Behavior\ReadHtmlCacheBehavior [ RunTime:0.017017s ]
INFO: [ app_begin ] --END-- [ RunTime:0.017090s ]
SQL: SHOW COLUMNS FROM `checking` [ RunTime:0.0006s ]
SQL: SELECT * FROM `checking` WHERE ( id = 1 ) LIMIT 1   [ RunTime:0.0002s ]
SQL: SELECT * FROM `checking` WHERE ( id = 2 ) LIMIT 1   [ RunTime:0.0002s ]
SQL: SELECT * FROM `checking` WHERE ( id = 3 ) LIMIT 1   [ RunTime:0.0002s ]

[ 2018-05-26T22:01:17+08:00 ] 192.168.33.1 /admin/check/listall
INFO: [ app_init ] --START--
INFO: Run Behavior\BuildLiteBehavior [ RunTime:0.000014s ]
INFO: [ app_init ] --END-- [ RunTime:0.008346s ]
INFO: [ app_begin ] --START--
INFO: Run Behavior\ReadHtmlCacheBehavior [ RunTime:0.017236s ]
INFO: [ app_begin ] --END-- [ RunTime:0.017293s ]
SQL: SHOW COLUMNS FROM `task` [ RunTime:0.0006s ]
SQL: SELECT * FROM `task` WHERE ( end_time != 'null' ) ORDER BY start_time desc LIMIT 0,8   [ RunTime:0.0002s ]
SQL: SELECT * FROM `task` WHERE ( end_time != 'null' )  [ RunTime:0.0002s ]

[ 2018-05-26T22:01:32+08:00 ] 192.168.33.1 /admin/check/checking
INFO: [ app_init ] --START--
INFO: Run Behavior\BuildLiteBehavior [ RunTime:0.000015s ]
INFO: [ app_init ] --END-- [ RunTime:0.006903s ]
INFO: [ app_begin ] --START--
INFO: Run Behavior\ReadHtmlCacheBehavior [ RunTime:0.016969s ]
INFO: [ app_begin ] --END-- [ RunTime:0.017026s ]
SQL: SHOW COLUMNS FROM `checking` [ RunTime:0.0006s ]
SQL: SELECT * FROM `checking` WHERE ( id = 1 ) LIMIT 1   [ RunTime:0.0002s ]
SQL: SELECT * FROM `checking` WHERE ( id = 2 ) LIMIT 1   [ RunTime:0.0002s ]
SQL: SELECT * FROM `checking` WHERE ( id = 3 ) LIMIT 1   [ RunTime:0.0002s ]

[ 2018-05-26T22:01:33+08:00 ] 192.168.33.1 /admin/check/listall
INFO: [ app_init ] --START--
INFO: Run Behavior\BuildLiteBehavior [ RunTime:0.000016s ]
INFO: [ app_init ] --END-- [ RunTime:0.008583s ]
INFO: [ app_begin ] --START--
INFO: Run Behavior\ReadHtmlCacheBehavior [ RunTime:0.017037s ]
INFO: [ app_begin ] --END-- [ RunTime:0.017136s ]
SQL: SHOW COLUMNS FROM `task` [ RunTime:0.0009s ]
SQL: SELECT * FROM `task` WHERE ( end_time != 'null' ) ORDER BY start_time desc LIMIT 0,8   [ RunTime:0.0003s ]
SQL: SELECT * FROM `task` WHERE ( end_time != 'null' )  [ RunTime:0.0002s ]

[ 2018-05-26T22:01:33+08:00 ] 192.168.33.1 /admin/check/checking
INFO: [ app_init ] --START--
INFO: Run Behavior\BuildLiteBehavior [ RunTime:0.000016s ]
INFO: [ app_init ] --END-- [ RunTime:0.007453s ]
INFO: [ app_begin ] --START--
INFO: Run Behavior\ReadHtmlCacheBehavior [ RunTime:0.017183s ]
INFO: [ app_begin ] --END-- [ RunTime:0.017284s ]
SQL: SHOW COLUMNS FROM `checking` [ RunTime:0.0006s ]
SQL: SELECT * FROM `checking` WHERE ( id = 1 ) LIMIT 1   [ RunTime:0.0002s ]
SQL: SELECT * FROM `checking` WHERE ( id = 2 ) LIMIT 1   [ RunTime:0.0002s ]
SQL: SELECT * FROM `checking` WHERE ( id = 3 ) LIMIT 1   [ RunTime:0.0002s ]

[ 2018-05-26T22:01:34+08:00 ] 192.168.33.1 /admin/check/listall
INFO: [ app_init ] --START--
INFO: Run Behavior\BuildLiteBehavior [ RunTime:0.000015s ]
INFO: [ app_init ] --END-- [ RunTime:0.008367s ]
INFO: [ app_begin ] --START--
INFO: Run Behavior\ReadHtmlCacheBehavior [ RunTime:0.015532s ]
INFO: [ app_begin ] --END-- [ RunTime:0.015588s ]
SQL: SHOW COLUMNS FROM `task` [ RunTime:0.0006s ]
SQL: SELECT * FROM `task` WHERE ( end_time != 'null' ) ORDER BY start_time desc LIMIT 0,8   [ RunTime:0.0003s ]
SQL: SELECT * FROM `task` WHERE ( end_time != 'null' )  [ RunTime:0.0002s ]

[ 2018-05-26T22:01:46+08:00 ] 192.168.33.1 /admin/check/checking
INFO: [ app_init ] --START--
INFO: Run Behavior\BuildLiteBehavior [ RunTime:0.000015s ]
INFO: [ app_init ] --END-- [ RunTime:0.008001s ]
INFO: [ app_begin ] --START--
INFO: Run Behavior\ReadHtmlCacheBehavior [ RunTime:0.015096s ]
INFO: [ app_begin ] --END-- [ RunTime:0.015156s ]
SQL: SHOW COLUMNS FROM `checking` [ RunTime:0.0006s ]
SQL: SELECT * FROM `checking` WHERE ( id = 1 ) LIMIT 1   [ RunTime:0.0002s ]
SQL: SELECT * FROM `checking` WHERE ( id = 2 ) LIMIT 1   [ RunTime:0.0002s ]
SQL: SELECT * FROM `checking` WHERE ( id = 3 ) LIMIT 1   [ RunTime:0.0002s ]

[ 2018-05-26T22:01:47+08:00 ] 192.168.33.1 /admin/check/listall
INFO: [ app_init ] --START--
INFO: Run Behavior\BuildLiteBehavior [ RunTime:0.000014s ]
INFO: [ app_init ] --END-- [ RunTime:0.007187s ]
INFO: [ app_begin ] --START--
INFO: Run Behavior\ReadHtmlCacheBehavior [ RunTime:0.015969s ]
INFO: [ app_begin ] --END-- [ RunTime:0.016039s ]
SQL: SHOW COLUMNS FROM `task` [ RunTime:0.0009s ]
SQL: SELECT * FROM `task` WHERE ( end_time != 'null' ) ORDER BY start_time desc LIMIT 0,8   [ RunTime:0.0003s ]
SQL: SELECT * FROM `task` WHERE ( end_time != 'null' )  [ RunTime:0.0002s ]

[ 2018-05-26T22:02:02+08:00 ] 192.168.33.1 /admin/check/checking
INFO: [ app_init ] --START--
INFO: Run Behavior\BuildLiteBehavior [ RunTime:0.000014s ]
INFO: [ app_init ] --END-- [ RunTime:0.008382s ]
INFO: [ app_begin ] --START--
INFO: Run Behavior\ReadHtmlCacheBehavior [ RunTime:0.015375s ]
INFO: [ app_begin ] --END-- [ RunTime:0.015433s ]
SQL: SHOW COLUMNS FROM `checking` [ RunTime:0.0007s ]
SQL: SELECT * FROM `checking` WHERE ( id = 1 ) LIMIT 1   [ RunTime:0.0002s ]
SQL: SELECT * FROM `checking` WHERE ( id = 2 ) LIMIT 1   [ RunTime:0.0002s ]
SQL: SELECT * FROM `checking` WHERE ( id = 3 ) LIMIT 1   [ RunTime:0.0002s ]

[ 2018-05-26T22:02:03+08:00 ] 192.168.33.1 /admin/check/listall
INFO: [ app_init ] --START--
INFO: Run Behavior\BuildLiteBehavior [ RunTime:0.000013s ]
INFO: [ app_init ] --END-- [ RunTime:0.006844s ]
INFO: [ app_begin ] --START--
INFO: Run Behavior\ReadHtmlCacheBehavior [ RunTime:0.014309s ]
INFO: [ app_begin ] --END-- [ RunTime:0.014366s ]
SQL: SHOW COLUMNS FROM `task` [ RunTime:0.0008s ]
SQL: SELECT * FROM `task` WHERE ( end_time != 'null' ) ORDER BY start_time desc LIMIT 0,8   [ RunTime:0.0003s ]
SQL: SELECT * FROM `task` WHERE ( end_time != 'null' )  [ RunTime:0.0004s ]

[ 2018-05-26T22:02:03+08:00 ] 192.168.33.1 /admin/check/checking
INFO: [ app_init ] --START--
INFO: Run Behavior\BuildLiteBehavior [ RunTime:0.000016s ]
INFO: [ app_init ] --END-- [ RunTime:0.008385s ]
INFO: [ app_begin ] --START--
INFO: Run Behavior\ReadHtmlCacheBehavior [ RunTime:0.018138s ]
INFO: [ app_begin ] --END-- [ RunTime:0.018196s ]
SQL: SHOW COLUMNS FROM `checking` [ RunTime:0.0008s ]
SQL: SELECT * FROM `checking` WHERE ( id = 1 ) LIMIT 1   [ RunTime:0.0003s ]
SQL: SELECT * FROM `checking` WHERE ( id = 2 ) LIMIT 1   [ RunTime:0.0002s ]
SQL: SELECT * FROM `checking` WHERE ( id = 3 ) LIMIT 1   [ RunTime:0.0002s ]

[ 2018-05-26T22:02:04+08:00 ] 192.168.33.1 /admin/check/listall
INFO: [ app_init ] --START--
INFO: Run Behavior\BuildLiteBehavior [ RunTime:0.000015s ]
INFO: [ app_init ] --END-- [ RunTime:0.007708s ]
INFO: [ app_begin ] --START--
INFO: Run Behavior\ReadHtmlCacheBehavior [ RunTime:0.016114s ]
INFO: [ app_begin ] --END-- [ RunTime:0.016178s ]
SQL: SHOW COLUMNS FROM `task` [ RunTime:0.0006s ]
SQL: SELECT * FROM `task` WHERE ( end_time != 'null' ) ORDER BY start_time desc LIMIT 0,8   [ RunTime:0.0002s ]
SQL: SELECT * FROM `task` WHERE ( end_time != 'null' )  [ RunTime:0.0003s ]

[ 2018-05-26T22:02:16+08:00 ] 192.168.33.1 /admin/check/checking
INFO: [ app_init ] --START--
INFO: Run Behavior\BuildLiteBehavior [ RunTime:0.000015s ]
INFO: [ app_init ] --END-- [ RunTime:0.007899s ]
INFO: [ app_begin ] --START--
INFO: Run Behavior\ReadHtmlCacheBehavior [ RunTime:0.015268s ]
INFO: [ app_begin ] --END-- [ RunTime:0.015328s ]
SQL: SHOW COLUMNS FROM `checking` [ RunTime:0.0007s ]
SQL: SELECT * FROM `checking` WHERE ( id = 1 ) LIMIT 1   [ RunTime:0.0003s ]
SQL: SELECT * FROM `checking` WHERE ( id = 2 ) LIMIT 1   [ RunTime:0.0002s ]
SQL: SELECT * FROM `checking` WHERE ( id = 3 ) LIMIT 1   [ RunTime:0.0002s ]

[ 2018-05-26T22:02:17+08:00 ] 192.168.33.1 /admin/check/listall
INFO: [ app_init ] --START--
INFO: Run Behavior\BuildLiteBehavior [ RunTime:0.000015s ]
INFO: [ app_init ] --END-- [ RunTime:0.008534s ]
INFO: [ app_begin ] --START--
INFO: Run Behavior\ReadHtmlCacheBehavior [ RunTime:0.014839s ]
INFO: [ app_begin ] --END-- [ RunTime:0.014900s ]
SQL: SHOW COLUMNS FROM `task` [ RunTime:0.0010s ]
SQL: SELECT * FROM `task` WHERE ( end_time != 'null' ) ORDER BY start_time desc LIMIT 0,8   [ RunTime:0.0003s ]
SQL: SELECT * FROM `task` WHERE ( end_time != 'null' )  [ RunTime:0.0002s ]

[ 2018-05-26T22:02:32+08:00 ] 192.168.33.1 /admin/check/checking
INFO: [ app_init ] --START--
INFO: Run Behavior\BuildLiteBehavior [ RunTime:0.000014s ]
INFO: [ app_init ] --END-- [ RunTime:0.007098s ]
INFO: [ app_begin ] --START--
INFO: Run Behavior\ReadHtmlCacheBehavior [ RunTime:0.016950s ]
INFO: [ app_begin ] --END-- [ RunTime:0.017004s ]
SQL: SHOW COLUMNS FROM `checking` [ RunTime:0.0006s ]
SQL: SELECT * FROM `checking` WHERE ( id = 1 ) LIMIT 1   [ RunTime:0.0002s ]
SQL: SELECT * FROM `checking` WHERE ( id = 2 ) LIMIT 1   [ RunTime:0.0002s ]
SQL: SELECT * FROM `checking` WHERE ( id = 3 ) LIMIT 1   [ RunTime:0.0002s ]

[ 2018-05-26T22:02:33+08:00 ] 192.168.33.1 /admin/check/listall
INFO: [ app_init ] --START--
INFO: Run Behavior\BuildLiteBehavior [ RunTime:0.000015s ]
INFO: [ app_init ] --END-- [ RunTime:0.008994s ]
INFO: [ app_begin ] --START--
INFO: Run Behavior\ReadHtmlCacheBehavior [ RunTime:0.017671s ]
INFO: [ app_begin ] --END-- [ RunTime:0.017733s ]
SQL: SHOW COLUMNS FROM `task` [ RunTime:0.0009s ]
SQL: SELECT * FROM `task` WHERE ( end_time != 'null' ) ORDER BY start_time desc LIMIT 0,8   [ RunTime:0.0004s ]
SQL: SELECT * FROM `task` WHERE ( end_time != 'null' )  [ RunTime:0.0002s ]

[ 2018-05-26T22:02:33+08:00 ] 192.168.33.1 /admin/check/checking
INFO: [ app_init ] --START--
INFO: Run Behavior\BuildLiteBehavior [ RunTime:0.000015s ]
INFO: [ app_init ] --END-- [ RunTime:0.007732s ]
INFO: [ app_begin ] --START--
INFO: Run Behavior\ReadHtmlCacheBehavior [ RunTime:0.017857s ]
INFO: [ app_begin ] --END-- [ RunTime:0.017912s ]
SQL: SHOW COLUMNS FROM `checking` [ RunTime:0.0006s ]
SQL: SELECT * FROM `checking` WHERE ( id = 1 ) LIMIT 1   [ RunTime:0.0002s ]
SQL: SELECT * FROM `checking` WHERE ( id = 2 ) LIMIT 1   [ RunTime:0.0002s ]
SQL: SELECT * FROM `checking` WHERE ( id = 3 ) LIMIT 1   [ RunTime:0.0002s ]

[ 2018-05-26T22:02:34+08:00 ] 192.168.33.1 /admin/check/listall
INFO: [ app_init ] --START--
INFO: Run Behavior\BuildLiteBehavior [ RunTime:0.000014s ]
INFO: [ app_init ] --END-- [ RunTime:0.008200s ]
INFO: [ app_begin ] --START--
INFO: Run Behavior\ReadHtmlCacheBehavior [ RunTime:0.017375s ]
INFO: [ app_begin ] --END-- [ RunTime:0.017477s ]
SQL: SHOW COLUMNS FROM `task` [ RunTime:0.0008s ]
SQL: SELECT * FROM `task` WHERE ( end_time != 'null' ) ORDER BY start_time desc LIMIT 0,8   [ RunTime:0.0004s ]
SQL: SELECT * FROM `task` WHERE ( end_time != 'null' )  [ RunTime:0.0003s ]

[ 2018-05-26T22:02:46+08:00 ] 192.168.33.1 /admin/check/checking
INFO: [ app_init ] --START--
INFO: Run Behavior\BuildLiteBehavior [ RunTime:0.000014s ]
INFO: [ app_init ] --END-- [ RunTime:0.007917s ]
INFO: [ app_begin ] --START--
INFO: Run Behavior\ReadHtmlCacheBehavior [ RunTime:0.014513s ]
INFO: [ app_begin ] --END-- [ RunTime:0.014571s ]
SQL: SHOW COLUMNS FROM `checking` [ RunTime:0.0006s ]
SQL: SELECT * FROM `checking` WHERE ( id = 1 ) LIMIT 1   [ RunTime:0.0002s ]
SQL: SELECT * FROM `checking` WHERE ( id = 2 ) LIMIT 1   [ RunTime:0.0002s ]
SQL: SELECT * FROM `checking` WHERE ( id = 3 ) LIMIT 1   [ RunTime:0.0002s ]

[ 2018-05-26T22:02:47+08:00 ] 192.168.33.1 /admin/check/listall
INFO: [ app_init ] --START--
INFO: Run Behavior\BuildLiteBehavior [ RunTime:0.000017s ]
INFO: [ app_init ] --END-- [ RunTime:0.009680s ]
INFO: [ app_begin ] --START--
INFO: Run Behavior\ReadHtmlCacheBehavior [ RunTime:0.018976s ]
INFO: [ app_begin ] --END-- [ RunTime:0.019036s ]
SQL: SHOW COLUMNS FROM `task` [ RunTime:0.0007s ]
SQL: SELECT * FROM `task` WHERE ( end_time != 'null' ) ORDER BY start_time desc LIMIT 0,8   [ RunTime:0.0002s ]
SQL: SELECT * FROM `task` WHERE ( end_time != 'null' )  [ RunTime:0.0003s ]

[ 2018-05-26T22:03:02+08:00 ] 192.168.33.1 /admin/check/checking
INFO: [ app_init ] --START--
INFO: Run Behavior\BuildLiteBehavior [ RunTime:0.000014s ]
INFO: [ app_init ] --END-- [ RunTime:0.008602s ]
INFO: [ app_begin ] --START--
INFO: Run Behavior\ReadHtmlCacheBehavior [ RunTime:0.016288s ]
INFO: [ app_begin ] --END-- [ RunTime:0.016347s ]
SQL: SHOW COLUMNS FROM `checking` [ RunTime:0.0006s ]
SQL: SELECT * FROM `checking` WHERE ( id = 1 ) LIMIT 1   [ RunTime:0.0006s ]
SQL: SELECT * FROM `checking` WHERE ( id = 2 ) LIMIT 1   [ RunTime:0.0003s ]
SQL: SELECT * FROM `checking` WHERE ( id = 3 ) LIMIT 1   [ RunTime:0.0002s ]

[ 2018-05-26T22:03:03+08:00 ] 192.168.33.1 /admin/check/listall
INFO: [ app_init ] --START--
INFO: Run Behavior\BuildLiteBehavior [ RunTime:0.000015s ]
INFO: [ app_init ] --END-- [ RunTime:0.008593s ]
INFO: [ app_begin ] --START--
INFO: Run Behavior\ReadHtmlCacheBehavior [ RunTime:0.014451s ]
INFO: [ app_begin ] --END-- [ RunTime:0.014539s ]
SQL: SHOW COLUMNS FROM `task` [ RunTime:0.0008s ]
SQL: SELECT * FROM `task` WHERE ( end_time != 'null' ) ORDER BY start_time desc LIMIT 0,8   [ RunTime:0.0006s ]
SQL: SELECT * FROM `task` WHERE ( end_time != 'null' )  [ RunTime:0.0003s ]

[ 2018-05-26T22:03:03+08:00 ] 192.168.33.1 /admin/check/checking
INFO: [ app_init ] --START--
INFO: Run Behavior\BuildLiteBehavior [ RunTime:0.000029s ]
INFO: [ app_init ] --END-- [ RunTime:0.007796s ]
INFO: [ app_begin ] --START--
INFO: Run Behavior\ReadHtmlCacheBehavior [ RunTime:0.018946s ]
INFO: [ app_begin ] --END-- [ RunTime:0.019040s ]
SQL: SHOW COLUMNS FROM `checking` [ RunTime:0.0007s ]
SQL: SELECT * FROM `checking` WHERE ( id = 1 ) LIMIT 1   [ RunTime:0.0002s ]
SQL: SELECT * FROM `checking` WHERE ( id = 2 ) LIMIT 1   [ RunTime:0.0002s ]
SQL: SELECT * FROM `checking` WHERE ( id = 3 ) LIMIT 1   [ RunTime:0.0002s ]

[ 2018-05-26T22:03:04+08:00 ] 192.168.33.1 /admin/check/listall
INFO: [ app_init ] --START--
INFO: Run Behavior\BuildLiteBehavior [ RunTime:0.000027s ]
INFO: [ app_init ] --END-- [ RunTime:0.007589s ]
INFO: [ app_begin ] --START--
INFO: Run Behavior\ReadHtmlCacheBehavior [ RunTime:0.017392s ]
INFO: [ app_begin ] --END-- [ RunTime:0.017446s ]
SQL: SHOW COLUMNS FROM `task` [ RunTime:0.0006s ]
SQL: SELECT * FROM `task` WHERE ( end_time != 'null' ) ORDER BY start_time desc LIMIT 0,8   [ RunTime:0.0003s ]
SQL: SELECT * FROM `task` WHERE ( end_time != 'null' )  [ RunTime:0.0002s ]

[ 2018-05-26T22:03:16+08:00 ] 192.168.33.1 /admin/check/checking
INFO: [ app_init ] --START--
INFO: Run Behavior\BuildLiteBehavior [ RunTime:0.000029s ]
INFO: [ app_init ] --END-- [ RunTime:0.009193s ]
INFO: [ app_begin ] --START--
INFO: Run Behavior\ReadHtmlCacheBehavior [ RunTime:0.017992s ]
INFO: [ app_begin ] --END-- [ RunTime:0.018052s ]
SQL: SHOW COLUMNS FROM `checking` [ RunTime:0.0006s ]
SQL: SELECT * FROM `checking` WHERE ( id = 1 ) LIMIT 1   [ RunTime:0.0004s ]
SQL: SELECT * FROM `checking` WHERE ( id = 2 ) LIMIT 1   [ RunTime:0.0002s ]
SQL: SELECT * FROM `checking` WHERE ( id = 3 ) LIMIT 1   [ RunTime:0.0002s ]

[ 2018-05-26T22:03:17+08:00 ] 192.168.33.1 /admin/check/listall
INFO: [ app_init ] --START--
INFO: Run Behavior\BuildLiteBehavior [ RunTime:0.000028s ]
INFO: [ app_init ] --END-- [ RunTime:0.009551s ]
INFO: [ app_begin ] --START--
INFO: Run Behavior\ReadHtmlCacheBehavior [ RunTime:0.019347s ]
INFO: [ app_begin ] --END-- [ RunTime:0.019429s ]
SQL: SHOW COLUMNS FROM `task` [ RunTime:0.0006s ]
SQL: SELECT * FROM `task` WHERE ( end_time != 'null' ) ORDER BY start_time desc LIMIT 0,8   [ RunTime:0.0002s ]
SQL: SELECT * FROM `task` WHERE ( end_time != 'null' )  [ RunTime:0.0002s ]

[ 2018-05-26T22:03:32+08:00 ] 192.168.33.1 /admin/check/checking
INFO: [ app_init ] --START--
INFO: Run Behavior\BuildLiteBehavior [ RunTime:0.000015s ]
INFO: [ app_init ] --END-- [ RunTime:0.007241s ]
INFO: [ app_begin ] --START--
INFO: Run Behavior\ReadHtmlCacheBehavior [ RunTime:0.014328s ]
INFO: [ app_begin ] --END-- [ RunTime:0.014388s ]
SQL: SHOW COLUMNS FROM `checking` [ RunTime:0.0006s ]
SQL: SELECT * FROM `checking` WHERE ( id = 1 ) LIMIT 1   [ RunTime:0.0002s ]
SQL: SELECT * FROM `checking` WHERE ( id = 2 ) LIMIT 1   [ RunTime:0.0002s ]
SQL: SELECT * FROM `checking` WHERE ( id = 3 ) LIMIT 1   [ RunTime:0.0003s ]

[ 2018-05-26T22:03:33+08:00 ] 192.168.33.1 /admin/check/listall
INFO: [ app_init ] --START--
INFO: Run Behavior\BuildLiteBehavior [ RunTime:0.000014s ]
INFO: [ app_init ] --END-- [ RunTime:0.007394s ]
INFO: [ app_begin ] --START--
INFO: Run Behavior\ReadHtmlCacheBehavior [ RunTime:0.014138s ]
INFO: [ app_begin ] --END-- [ RunTime:0.014241s ]
SQL: SHOW COLUMNS FROM `task` [ RunTime:0.0008s ]
SQL: SELECT * FROM `task` WHERE ( end_time != 'null' ) ORDER BY start_time desc LIMIT 0,8   [ RunTime:0.0003s ]
SQL: SELECT * FROM `task` WHERE ( end_time != 'null' )  [ RunTime:0.0003s ]

[ 2018-05-26T22:03:33+08:00 ] 192.168.33.1 /admin/check/checking
INFO: [ app_init ] --START--
INFO: Run Behavior\BuildLiteBehavior [ RunTime:0.000043s ]
INFO: [ app_init ] --END-- [ RunTime:0.007702s ]
INFO: [ app_begin ] --START--
INFO: Run Behavior\ReadHtmlCacheBehavior [ RunTime:0.014393s ]
INFO: [ app_begin ] --END-- [ RunTime:0.014524s ]
SQL: SHOW COLUMNS FROM `checking` [ RunTime:0.0006s ]
SQL: SELECT * FROM `checking` WHERE ( id = 1 ) LIMIT 1   [ RunTime:0.0002s ]
SQL: SELECT * FROM `checking` WHERE ( id = 2 ) LIMIT 1   [ RunTime:0.0002s ]
SQL: SELECT * FROM `checking` WHERE ( id = 3 ) LIMIT 1   [ RunTime:0.0002s ]

[ 2018-05-26T22:03:34+08:00 ] 192.168.33.1 /admin/check/listall
INFO: [ app_init ] --START--
INFO: Run Behavior\BuildLiteBehavior [ RunTime:0.000015s ]
INFO: [ app_init ] --END-- [ RunTime:0.007792s ]
INFO: [ app_begin ] --START--
INFO: Run Behavior\ReadHtmlCacheBehavior [ RunTime:0.018944s ]
INFO: [ app_begin ] --END-- [ RunTime:0.019038s ]
SQL: SHOW COLUMNS FROM `task` [ RunTime:0.0007s ]
SQL: SELECT * FROM `task` WHERE ( end_time != 'null' ) ORDER BY start_time desc LIMIT 0,8   [ RunTime:0.0002s ]
SQL: SELECT * FROM `task` WHERE ( end_time != 'null' )  [ RunTime:0.0002s ]

[ 2018-05-26T22:03:46+08:00 ] 192.168.33.1 /admin/check/checking
INFO: [ app_init ] --START--
INFO: Run Behavior\BuildLiteBehavior [ RunTime:0.000031s ]
INFO: [ app_init ] --END-- [ RunTime:0.008519s ]
INFO: [ app_begin ] --START--
INFO: Run Behavior\ReadHtmlCacheBehavior [ RunTime:0.019526s ]
INFO: [ app_begin ] --END-- [ RunTime:0.019587s ]
SQL: SHOW COLUMNS FROM `checking` [ RunTime:0.0007s ]
SQL: SELECT * FROM `checking` WHERE ( id = 1 ) LIMIT 1   [ RunTime:0.0004s ]
SQL: SELECT * FROM `checking` WHERE ( id = 2 ) LIMIT 1   [ RunTime:0.0003s ]
SQL: SELECT * FROM `checking` WHERE ( id = 3 ) LIMIT 1   [ RunTime:0.0002s ]

[ 2018-05-26T22:03:47+08:00 ] 192.168.33.1 /admin/check/listall
INFO: [ app_init ] --START--
INFO: Run Behavior\BuildLiteBehavior [ RunTime:0.000034s ]
INFO: [ app_init ] --END-- [ RunTime:0.007788s ]
INFO: [ app_begin ] --START--
INFO: Run Behavior\ReadHtmlCacheBehavior [ RunTime:0.019582s ]
INFO: [ app_begin ] --END-- [ RunTime:0.019674s ]
SQL: SHOW COLUMNS FROM `task` [ RunTime:0.0008s ]
SQL: SELECT * FROM `task` WHERE ( end_time != 'null' ) ORDER BY start_time desc LIMIT 0,8   [ RunTime:0.0003s ]
SQL: SELECT * FROM `task` WHERE ( end_time != 'null' )  [ RunTime:0.0002s ]

[ 2018-05-26T22:04:02+08:00 ] 192.168.33.1 /admin/check/checking
INFO: [ app_init ] --START--
INFO: Run Behavior\BuildLiteBehavior [ RunTime:0.000016s ]
INFO: [ app_init ] --END-- [ RunTime:0.006850s ]
INFO: [ app_begin ] --START--
INFO: Run Behavior\ReadHtmlCacheBehavior [ RunTime:0.017349s ]
INFO: [ app_begin ] --END-- [ RunTime:0.017408s ]
SQL: SHOW COLUMNS FROM `checking` [ RunTime:0.0006s ]
SQL: SELECT * FROM `checking` WHERE ( id = 1 ) LIMIT 1   [ RunTime:0.0002s ]
SQL: SELECT * FROM `checking` WHERE ( id = 2 ) LIMIT 1   [ RunTime:0.0002s ]
SQL: SELECT * FROM `checking` WHERE ( id = 3 ) LIMIT 1   [ RunTime:0.0002s ]

[ 2018-05-26T22:04:03+08:00 ] 192.168.33.1 /admin/check/checking
INFO: [ app_init ] --START--
INFO: Run Behavior\BuildLiteBehavior [ RunTime:0.000016s ]
INFO: [ app_init ] --END-- [ RunTime:0.010919s ]
INFO: [ app_begin ] --START--
INFO: Run Behavior\ReadHtmlCacheBehavior [ RunTime:0.015840s ]
INFO: [ app_begin ] --END-- [ RunTime:0.015903s ]
SQL: SHOW COLUMNS FROM `checking` [ RunTime:0.0008s ]
SQL: SELECT * FROM `checking` WHERE ( id = 1 ) LIMIT 1   [ RunTime:0.0003s ]
SQL: SELECT * FROM `checking` WHERE ( id = 2 ) LIMIT 1   [ RunTime:0.0002s ]
SQL: SELECT * FROM `checking` WHERE ( id = 3 ) LIMIT 1   [ RunTime:0.0002s ]

[ 2018-05-26T22:04:03+08:00 ] 192.168.33.1 /admin/check/listall
INFO: [ app_init ] --START--
INFO: Run Behavior\BuildLiteBehavior [ RunTime:0.000014s ]
INFO: [ app_init ] --END-- [ RunTime:0.005368s ]
INFO: [ app_begin ] --START--
INFO: Run Behavior\ReadHtmlCacheBehavior [ RunTime:0.015893s ]
INFO: [ app_begin ] --END-- [ RunTime:0.015953s ]
SQL: SHOW COLUMNS FROM `task` [ RunTime:0.0006s ]
SQL: SELECT * FROM `task` WHERE ( end_time != 'null' ) ORDER BY start_time desc LIMIT 0,8   [ RunTime:0.0002s ]
SQL: SELECT * FROM `task` WHERE ( end_time != 'null' )  [ RunTime:0.0003s ]

[ 2018-05-26T22:04:04+08:00 ] 192.168.33.1 /admin/check/listall
INFO: [ app_init ] --START--
INFO: Run Behavior\BuildLiteBehavior [ RunTime:0.000015s ]
INFO: [ app_init ] --END-- [ RunTime:0.008417s ]
INFO: [ app_begin ] --START--
INFO: Run Behavior\ReadHtmlCacheBehavior [ RunTime:0.017119s ]
INFO: [ app_begin ] --END-- [ RunTime:0.017190s ]
SQL: SHOW COLUMNS FROM `task` [ RunTime:0.0007s ]
SQL: SELECT * FROM `task` WHERE ( end_time != 'null' ) ORDER BY start_time desc LIMIT 0,8   [ RunTime:0.0003s ]
SQL: SELECT * FROM `task` WHERE ( end_time != 'null' )  [ RunTime:0.0002s ]

[ 2018-05-26T22:04:16+08:00 ] 192.168.33.1 /admin/check/checking
INFO: [ app_init ] --START--
INFO: Run Behavior\BuildLiteBehavior [ RunTime:0.000015s ]
INFO: [ app_init ] --END-- [ RunTime:0.007243s ]
INFO: [ app_begin ] --START--
INFO: Run Behavior\ReadHtmlCacheBehavior [ RunTime:0.018359s ]
INFO: [ app_begin ] --END-- [ RunTime:0.018491s ]
SQL: SHOW COLUMNS FROM `checking` [ RunTime:0.0009s ]
SQL: SELECT * FROM `checking` WHERE ( id = 1 ) LIMIT 1   [ RunTime:0.0003s ]
SQL: SELECT * FROM `checking` WHERE ( id = 2 ) LIMIT 1   [ RunTime:0.0002s ]
SQL: SELECT * FROM `checking` WHERE ( id = 3 ) LIMIT 1   [ RunTime:0.0002s ]

[ 2018-05-26T22:04:17+08:00 ] 192.168.33.1 /admin/check/listall
INFO: [ app_init ] --START--
INFO: Run Behavior\BuildLiteBehavior [ RunTime:0.000016s ]
INFO: [ app_init ] --END-- [ RunTime:0.008082s ]
INFO: [ app_begin ] --START--
INFO: Run Behavior\ReadHtmlCacheBehavior [ RunTime:0.017677s ]
INFO: [ app_begin ] --END-- [ RunTime:0.017737s ]
SQL: SHOW COLUMNS FROM `task` [ RunTime:0.0007s ]
SQL: SELECT * FROM `task` WHERE ( end_time != 'null' ) ORDER BY start_time desc LIMIT 0,8   [ RunTime:0.0002s ]
SQL: SELECT * FROM `task` WHERE ( end_time != 'null' )  [ RunTime:0.0002s ]

[ 2018-05-26T22:04:32+08:00 ] 192.168.33.1 /admin/check/checking
INFO: [ app_init ] --START--
INFO: Run Behavior\BuildLiteBehavior [ RunTime:0.000017s ]
INFO: [ app_init ] --END-- [ RunTime:0.008424s ]
INFO: [ app_begin ] --START--
INFO: Run Behavior\ReadHtmlCacheBehavior [ RunTime:0.019902s ]
INFO: [ app_begin ] --END-- [ RunTime:0.019982s ]
SQL: SHOW COLUMNS FROM `checking` [ RunTime:0.0006s ]
SQL: SELECT * FROM `checking` WHERE ( id = 1 ) LIMIT 1   [ RunTime:0.0002s ]
SQL: SELECT * FROM `checking` WHERE ( id = 2 ) LIMIT 1   [ RunTime:0.0002s ]
SQL: SELECT * FROM `checking` WHERE ( id = 3 ) LIMIT 1   [ RunTime:0.0002s ]

[ 2018-05-26T22:04:33+08:00 ] 192.168.33.1 /admin/check/listall
INFO: [ app_init ] --START--
INFO: Run Behavior\BuildLiteBehavior [ RunTime:0.000024s ]
INFO: [ app_init ] --END-- [ RunTime:0.008952s ]
INFO: [ app_begin ] --START--
INFO: Run Behavior\ReadHtmlCacheBehavior [ RunTime:0.018291s ]
INFO: [ app_begin ] --END-- [ RunTime:0.018365s ]
SQL: SHOW COLUMNS FROM `task` [ RunTime:0.0009s ]
SQL: SELECT * FROM `task` WHERE ( end_time != 'null' ) ORDER BY start_time desc LIMIT 0,8   [ RunTime:0.0004s ]
SQL: SELECT * FROM `task` WHERE ( end_time != 'null' )  [ RunTime:0.0003s ]

[ 2018-05-26T22:04:33+08:00 ] 192.168.33.1 /admin/check/checking
INFO: [ app_init ] --START--
INFO: Run Behavior\BuildLiteBehavior [ RunTime:0.000017s ]
INFO: [ app_init ] --END-- [ RunTime:0.010285s ]
INFO: [ app_begin ] --START--
INFO: Run Behavior\ReadHtmlCacheBehavior [ RunTime:0.020728s ]
INFO: [ app_begin ] --END-- [ RunTime:0.020805s ]
SQL: SHOW COLUMNS FROM `checking` [ RunTime:0.0008s ]
SQL: SELECT * FROM `checking` WHERE ( id = 1 ) LIMIT 1   [ RunTime:0.0009s ]
SQL: SELECT * FROM `checking` WHERE ( id = 2 ) LIMIT 1   [ RunTime:0.0002s ]
SQL: SELECT * FROM `checking` WHERE ( id = 3 ) LIMIT 1   [ RunTime:0.0002s ]

[ 2018-05-26T22:04:34+08:00 ] 192.168.33.1 /admin/check/listall
INFO: [ app_init ] --START--
INFO: Run Behavior\BuildLiteBehavior [ RunTime:0.000018s ]
INFO: [ app_init ] --END-- [ RunTime:0.007145s ]
INFO: [ app_begin ] --START--
INFO: Run Behavior\ReadHtmlCacheBehavior [ RunTime:0.014927s ]
INFO: [ app_begin ] --END-- [ RunTime:0.015005s ]
SQL: SHOW COLUMNS FROM `task` [ RunTime:0.0008s ]
SQL: SELECT * FROM `task` WHERE ( end_time != 'null' ) ORDER BY start_time desc LIMIT 0,8   [ RunTime:0.0004s ]
SQL: SELECT * FROM `task` WHERE ( end_time != 'null' )  [ RunTime:0.0003s ]

[ 2018-05-26T22:04:46+08:00 ] 192.168.33.1 /admin/check/checking
INFO: [ app_init ] --START--
INFO: Run Behavior\BuildLiteBehavior [ RunTime:0.000031s ]
INFO: [ app_init ] --END-- [ RunTime:0.008191s ]
INFO: [ app_begin ] --START--
INFO: Run Behavior\ReadHtmlCacheBehavior [ RunTime:0.016839s ]
INFO: [ app_begin ] --END-- [ RunTime:0.016898s ]
SQL: SHOW COLUMNS FROM `checking` [ RunTime:0.0006s ]
SQL: SELECT * FROM `checking` WHERE ( id = 1 ) LIMIT 1   [ RunTime:0.0002s ]
SQL: SELECT * FROM `checking` WHERE ( id = 2 ) LIMIT 1   [ RunTime:0.0002s ]
SQL: SELECT * FROM `checking` WHERE ( id = 3 ) LIMIT 1   [ RunTime:0.0002s ]

[ 2018-05-26T22:04:47+08:00 ] 192.168.33.1 /admin/check/listall
INFO: [ app_init ] --START--
INFO: Run Behavior\BuildLiteBehavior [ RunTime:0.000015s ]
INFO: [ app_init ] --END-- [ RunTime:0.007921s ]
INFO: [ app_begin ] --START--
INFO: Run Behavior\ReadHtmlCacheBehavior [ RunTime:0.016550s ]
INFO: [ app_begin ] --END-- [ RunTime:0.016626s ]
SQL: SHOW COLUMNS FROM `task` [ RunTime:0.0006s ]
SQL: SELECT * FROM `task` WHERE ( end_time != 'null' ) ORDER BY start_time desc LIMIT 0,8   [ RunTime:0.0004s ]
SQL: SELECT * FROM `task` WHERE ( end_time != 'null' )  [ RunTime:0.0002s ]

