[ 2018-07-14T07:11:06+08:00 ] 123.206.191.77 /admin/index/checked?num=1
INFO: [ app_init ] --START--
INFO: Run Behavior\BuildLiteBehavior [ RunTime:0.000017s ]
INFO: [ app_init ] --END-- [ RunTime:0.000635s ]
INFO: [ app_begin ] --START--
INFO: Run Behavior\ReadHtmlCacheBehavior [ RunTime:0.001292s ]
INFO: [ app_begin ] --END-- [ RunTime:0.001389s ]
SQL: SHOW COLUMNS FROM `checking` [ RunTime:0.0079s ]
SQL: UPDATE `checking` SET `is_checking`='0' WHERE ( id = '1' ) [ RunTime:0.0024s ]
SQL: SHOW COLUMNS FROM `task` [ RunTime:0.0015s ]
SQL: SELECT * FROM `task` WHERE ( task_id LIKE '%http://www.suichuan.gov.cn%' AND end_time is null ) LIMIT 1   [ RunTime:0.0005s ]
SQL: UPDATE `task` SET `end_time`='2018-07-14,07:11:06' WHERE ( id = '72' ) [ RunTime:0.0012s ]
ERR: 1050:Table 'link_title_count' already exists
 [ SQL语句 ] : 
        create table link_title_count (select url, title, count(*) as ct from links group by url, title);
        create table link_title_map (select url, title, ct from link_title_count where title <> '' group by url having ct = max(ct));
        update links, link_title_map
        set links.title = link_title_map.title
        where links.url = link_title_map.url;
        update links, link_title_map
        set links.ptitle = link_title_map.title
        where links.purl = link_title_map.url;
ERR: 1050:Table 'link_title_count' already exists
 [ SQL语句 ] : 
        create table link_title_count (select url, title, count(*) as ct from links group by url, title);
        create table link_title_map (select url, title, ct from link_title_count where title <> '' group by url having ct = max(ct));
        update links, link_title_map
        set links.title = link_title_map.title
        where links.url = link_title_map.url;
        update links, link_title_map
        set links.ptitle = link_title_map.title
        where links.purl = link_title_map.url;

[ 2018-07-14T08:00:08+08:00 ] 123.206.191.77 /admin/index/checked?num=2
INFO: [ app_init ] --START--
INFO: Run Behavior\BuildLiteBehavior [ RunTime:0.000020s ]
INFO: [ app_init ] --END-- [ RunTime:0.001028s ]
INFO: [ app_begin ] --START--
INFO: Run Behavior\ReadHtmlCacheBehavior [ RunTime:0.001012s ]
INFO: [ app_begin ] --END-- [ RunTime:0.001282s ]
SQL: SHOW COLUMNS FROM `checking` [ RunTime:0.0030s ]
SQL: UPDATE `checking` SET `is_checking`='0' WHERE ( id = '2' ) [ RunTime:0.0017s ]
SQL: SHOW COLUMNS FROM `task` [ RunTime:0.0006s ]
SQL: SELECT * FROM `task` WHERE ( task_id LIKE '%http://pub.jian.gov.cn/jxsc%' AND end_time is null ) LIMIT 1   [ RunTime:0.0004s ]
SQL: UPDATE `task` SET `end_time`='2018-07-14,08:00:08' WHERE ( id = '73' ) [ RunTime:0.0014s ]
ERR: 1050:Table 'link_title_count' already exists
 [ SQL语句 ] : 
        create table link_title_count (select url, title, count(*) as ct from links group by url, title);
        create table link_title_map (select url, title, ct from link_title_count where title <> '' group by url having ct = max(ct));
        update links, link_title_map
        set links.title = link_title_map.title
        where links.url = link_title_map.url;
        update links, link_title_map
        set links.ptitle = link_title_map.title
        where links.purl = link_title_map.url;
ERR: 1050:Table 'link_title_count' already exists
 [ SQL语句 ] : 
        create table link_title_count (select url, title, count(*) as ct from links group by url, title);
        create table link_title_map (select url, title, ct from link_title_count where title <> '' group by url having ct = max(ct));
        update links, link_title_map
        set links.title = link_title_map.title
        where links.url = link_title_map.url;
        update links, link_title_map
        set links.ptitle = link_title_map.title
        where links.purl = link_title_map.url;

